<?xml version="1.0" encoding="UTF-8"?>
<!-- Generated by org.testng.reporters.JUnitXMLReporter -->
<testsuite hostname="IN00439" name="MMVP-Login" tests="5" failures="0" timestamp="16 Jan 2019 07:07:52 GMT" time="180.245" errors="0">
  <testcase name="TC_3044_7729" time="52.94" classname="com.ssp.regression.insurer.testscripts.US_3044"/>
  <testcase name="TC_3044_7730_01" time="13.679" classname="com.ssp.regression.insurer.testscripts.US_3044"/>
  <testcase name="TC_3044_7730_02" time="0.84" classname="com.ssp.regression.insurer.testscripts.US_3044"/>
  <testcase name="TC_3044_7731" time="100.974" classname="com.ssp.regression.insurer.testscripts.US_3044"/>
  <testcase name="TC_3044_7732" time="3.18" classname="com.ssp.regression.insurer.testscripts.US_3044"/>
</testsuite> <!-- MMVP-Login -->
