<?xml version="1.0" encoding="UTF-8"?>
<testng-results skipped="0" failed="0" total="1" passed="1">
  <reporter-output>
    <line>
      <![CDATA[&emsp;<div class="test-title"> <strong><font size = "3" color = "#000080">TC_7156_7792 [MMVP-Login]</font> </strong> </div>&emsp;<div><strong>Steps:</strong></div><!-- Report -->&emsp;]]>
    </line>
    <line>
      <![CDATA[&emsp;<div class="test-title"> <strong><font size = "3" color = "#000080">This case is designed to test availability of Reconciliation Date on receipt view transaction screen through bank reconciliation screen<small><b><i>[chrome_windows]</b></i></small></font> </strong> </div>&emsp;<div><strong>Steps:</strong></div>&emsp;]]>
    </line>
    <line>
      <![CDATA[<div class="test-message">&emsp;<--------------------- Iteration 0 is started -----------------------></div>]]>
    </line>
    <line>
      <![CDATA[<div class="test-event"> <font color="maroon"> <small> &emsp; &emsp;--- 31 Jan 11:52:55 407 - Page URL:: https://vm-hland-qa01/purests/account/signin?returnurl=%2fpurests%2fissue%2fwsfed%3fwa%3dwsignin1.0%26wtrealm%3dhttp%253a%252f%252fvm-hland-qa01%252fpure.portal%252flogin.aspx%26wctx%3drm%253d0%2526id%253dpassive%2526ru%253d%25252fpure.portal%25252flogin.aspx%26wct%3d2019-01-31t06%253a22%253a48z&wa=wsignin1.0&wtrealm=http%3a%2f%2fvm-hland-qa01%2fpure.portal%2flogin.aspx&wctx=rm%3d0%26id%3dpassive%26ru%3d%252fpure.portal%252flogin.aspx&wct=2019-01-31t06%3a22%3a48z</small> </font> </div>]]>
    </line>
    <line>
      <![CDATA[<div class="test-event"> <font color="maroon"> <small> &emsp; &emsp;--- 31 Jan 11:52:55 410 - <b>0</b> - Page Load Wait: (Sync) - com.ssp.utils.WaitUtils.waitForPageLoad(WaitUtils.java:325)</small> </font> </div>]]>
    </line>
    <line>
      <![CDATA[<div class="test-event"> <font color="maroon"> <small> &emsp; &emsp;--- 31 Jan 11:52:55 560 - Page URL:: https://vm-hland-qa01/purests/account/signin?returnurl=%2fpurests%2fissue%2fwsfed%3fwa%3dwsignin1.0%26wtrealm%3dhttp%253a%252f%252fvm-hland-qa01%252fpure.portal%252flogin.aspx%26wctx%3drm%253d0%2526id%253dpassive%2526ru%253d%25252fpure.portal%25252flogin.aspx%26wct%3d2019-01-31t06%253a22%253a48z&wa=wsignin1.0&wtrealm=http%3a%2f%2fvm-hland-qa01%2fpure.portal%2flogin.aspx&wctx=rm%3d0%26id%3dpassive%26ru%3d%252fpure.portal%252flogin.aspx&wct=2019-01-31t06%3a22%3a48z</small> </font> </div>]]>
    </line>
    <line>
      <![CDATA[<div class="test-event"> <font color="maroon"> <small> &emsp; &emsp;--- 31 Jan 11:52:55 561 - <b>0</b> - Page Load Wait: (Sync) - com.ssp.utils.WaitUtils.waitForPageLoad(WaitUtils.java:325)</small> </font> </div>]]>
    </line>
    <line>
      <![CDATA[<div class="test-message">&emsp;Navigated to Login page&emsp;<a href=".\ScreenShot\TC_7156_7792_MMVP-Login_1.png" target="_blank" >[ScreenShot]</a></div>]]>
    </line>
    <line>
      <![CDATA[<div class="test-message">&emsp;Value of LoginScreen_Username_fieldLabel: ------->Username</div>]]>
    </line>
    <line>
      <![CDATA[<div class="test-message">&emsp;Value of LoginScreen_Username_id: ------->fldUserName</div>]]>
    </line>
    <line>
      <![CDATA[<div class="test-message">&emsp;Value of LoginScreen_Username_inputType: ------->alphanumeric</div>]]>
    </line>
    <line>
      <![CDATA[<div class="test-message">&emsp;Value of LoginScreen_Username_length: ------->10</div>]]>
    </line>
    <line>
      <![CDATA[<div class="test-message">&emsp;Value of LoginScreen_Username_pathType: ------->css</div>]]>
    </line>
    <line>
      <![CDATA[<div class="test-message">&emsp;Value of LoginScreen_Username_screenShot: ------->false</div>]]>
    </line>
    <line>
      <![CDATA[<div class="test-message">&emsp;Value of LoginScreen_Username_type: ------->textfield</div>]]>
    </line>
    <line>
      <![CDATA[<div class="test-event"> <font color="maroon"> <small> &emsp; &emsp;--- 31 Jan 11:52:57 010 - Element is displayed:: [[RemoteWebDriver: chrome on XP (e03dc01350c084a65c69556aa82e0037)] -> css selector: input[id='UserName']]</small> </font> </div>]]>
    </line>
    <line>
      <![CDATA[<div class="test-message">&emsp;Entered text inside Username : sirius]]>
    </line>
    <line>
      <![CDATA[<div class="test-message">&emsp;Value of LoginScreen_Password_fieldLabel: ------->Password</div>]]>
    </line>
    <line>
      <![CDATA[<div class="test-message">&emsp;Value of LoginScreen_Password_id: ------->fldPassword</div>]]>
    </line>
    <line>
      <![CDATA[<div class="test-message">&emsp;Value of LoginScreen_Password_inputType: ------->alphanumeric</div>]]>
    </line>
    <line>
      <![CDATA[<div class="test-message">&emsp;Value of LoginScreen_Password_length: ------->10</div>]]>
    </line>
    <line>
      <![CDATA[<div class="test-message">&emsp;Value of LoginScreen_Password_pathType: ------->css</div>]]>
    </line>
    <line>
      <![CDATA[<div class="test-message">&emsp;Value of LoginScreen_Password_screenShot: ------->true</div>]]>
    </line>
    <line>
      <![CDATA[<div class="test-message">&emsp;Value of LoginScreen_Password_type: ------->textfield</div>]]>
    </line>
    <line>
      <![CDATA[<div class="test-event"> <font color="maroon"> <small> &emsp; &emsp;--- 31 Jan 11:52:57 494 - Element is displayed:: [[RemoteWebDriver: chrome on XP (e03dc01350c084a65c69556aa82e0037)] -> css selector: input#usrpwd]</small> </font> </div>]]>
    </line>
    <line>
      <![CDATA[<div class="test-message">&emsp;Entered text inside Password : sirius&emsp;<a href=".\ScreenShot\TC_7156_7792_MMVP-Login_2.png" target="_blank" >[ScreenShot]</a></div>]]>
    </line>
    <line>
      <![CDATA[<div class="test-message">&emsp;Value of LoginScreen_SignIn_fieldLabel: ------->SignIn</div>]]>
    </line>
    <line>
      <![CDATA[<div class="test-message">&emsp;Value of LoginScreen_SignIn_id: ------->btnSignIn</div>]]>
    </line>
    <line>
      <![CDATA[<div class="test-message">&emsp;Value of LoginScreen_SignIn_pathType: ------->css</div>]]>
    </line>
    <line>
      <![CDATA[<div class="test-message">&emsp;Value of LoginScreen_SignIn_screenShot: ------->false</div>]]>
    </line>
    <line>
      <![CDATA[<div class="test-message">&emsp;Value of LoginScreen_SignIn_type: ------->buttonJS</div>]]>
    </line>
    <line>
      <![CDATA[<div class="test-event"> <font color="maroon"> <small> &emsp; &emsp;--- 31 Jan 11:52:58 287 - Element is displayed:: [[RemoteWebDriver: chrome on XP (e03dc01350c084a65c69556aa82e0037)] -> css selector: [value='Sign In']]</small> </font> </div>]]>
    </line>
    <line>
      <![CDATA[<div class="test-message">&emsp;Click button is performed for SignIn]]>
    </line>
    <line>
      <![CDATA[<div class="test-event"> <font color="maroon"> <small> &emsp; &emsp;--- 31 Jan 11:53:08 444 - Page URL:: http://vm-hland-qa01/pure.portal/secure/agent/findclient.aspx</small> </font> </div>]]>
    </line>
    <line>
      <![CDATA[<div class="test-event"> <font color="maroon"> <small> &emsp; &emsp;--- 31 Jan 11:53:08 445 - <b>0</b> - Page Load Wait: (Sync) - com.ssp.utils.WaitUtils.waitForPageLoad(WaitUtils.java:325)</small> </font> </div>]]>
    </line>
    <line>
      <![CDATA[<div class="test-event"> <font color="maroon"> <small> &emsp; &emsp;--- 31 Jan 11:53:08 645 - Page URL:: http://vm-hland-qa01/pure.portal/secure/agent/findclient.aspx</small> </font> </div>]]>
    </line>
    <line>
      <![CDATA[<div class="test-event"> <font color="maroon"> <small> &emsp; &emsp;--- 31 Jan 11:53:08 645 - <b>0</b> - Page Load Wait: (Sync) - com.ssp.utils.WaitUtils.waitForPageLoad(WaitUtils.java:325)</small> </font> </div>]]>
    </line>
    <line>
      <![CDATA[<div class="test-message">&emsp;Successfully navigated to Client/Policy Search Page&emsp;</div>]]>
    </line>
    <line>
      <![CDATA[<div class="test-message">&emsp;Value of Home_Finance Ribbon Menu_fieldLabel: ------->Finance Ribbon Menu</div>]]>
    </line>
    <line>
      <![CDATA[<div class="test-message">&emsp;Value of Home_Finance Ribbon Menu_id: ------->lnkFinance</div>]]>
    </line>
    <line>
      <![CDATA[<div class="test-message">&emsp;Value of Home_Finance Ribbon Menu_pathType: ------->css</div>]]>
    </line>
    <line>
      <![CDATA[<div class="test-message">&emsp;Value of Home_Finance Ribbon Menu_screenShot: ------->false</div>]]>
    </line>
    <line>
      <![CDATA[<div class="test-message">&emsp;Value of Home_Finance Ribbon Menu_type: ------->Button</div>]]>
    </line>
    <line>
      <![CDATA[<div class="test-event"> <font color="maroon"> <small> &emsp; &emsp;--- 31 Jan 11:53:08 848 - Element is displayed:: [[RemoteWebDriver: chrome on XP (e03dc01350c084a65c69556aa82e0037)] -> css selector: #ctl00_RibbonMenu_rptCategory_ctl04_RptCategorySpanText]</small> </font> </div>]]>
    </line>
    <line>
      <![CDATA[<div class="test-event"> <font color="maroon"> <small> &emsp; &emsp;--- 31 Jan 11:53:10 944 - <b>2</b> - Spinner Load Wait: (Sync) - com.ssp.utils.WaitUtils.waitForSpinner(WaitUtils.java:133)</small> </font> </div>]]>
    </line>
    <line>
      <![CDATA[<div class="test-event"> <font color="maroon"> <small> &emsp; &emsp;--- 31 Jan 11:53:13 173 - <b>2</b> - Spinner Load Wait: (Sync) - com.ssp.utils.WaitUtils.waitForSpinner(WaitUtils.java:133)</small> </font> </div>]]>
    </line>
    <line>
      <![CDATA[<div class="test-message">&emsp;Clicked on button Finance Ribbon Menu]]>
    </line>
    <line>
      <![CDATA[<div class="test-message">&emsp;Value of Home_Click on Reconciliation link_fieldLabel: ------->Click on Reconciliation link</div>]]>
    </line>
    <line>
      <![CDATA[<div class="test-message">&emsp;Value of Home_Click on Reconciliation link_id: ------->lnkReconciliation</div>]]>
    </line>
    <line>
      <![CDATA[<div class="test-message">&emsp;Value of Home_Click on Reconciliation link_pathType: ------->css</div>]]>
    </line>
    <line>
      <![CDATA[<div class="test-message">&emsp;Value of Home_Click on Reconciliation link_screenShot: ------->false</div>]]>
    </line>
    <line>
      <![CDATA[<div class="test-message">&emsp;Value of Home_Click on Reconciliation link_type: ------->Button</div>]]>
    </line>
    <line>
      <![CDATA[<div class="test-event"> <font color="maroon"> <small> &emsp; &emsp;--- 31 Jan 11:53:13 331 - Element is displayed:: [[RemoteWebDriver: chrome on XP (e03dc01350c084a65c69556aa82e0037)] -> css selector: #ctl00_RibbonMenu_rptCategory_ctl04_rptSection_ctl02_rptItem_ctl00_A1]</small> </font> </div>]]>
    </line>
    <line>
      <![CDATA[<div class="test-event"> <font color="maroon"> <small> &emsp; &emsp;--- 31 Jan 11:53:15 399 - <b>2</b> - Spinner Load Wait: (Sync) - com.ssp.utils.WaitUtils.waitForSpinner(WaitUtils.java:133)</small> </font> </div>]]>
    </line>
    <line>
      <![CDATA[<div class="test-event"> <font color="maroon"> <small> &emsp; &emsp;--- 31 Jan 11:53:19 333 - <b>2</b> - Spinner Load Wait: (Sync) - com.ssp.utils.WaitUtils.waitForSpinner(WaitUtils.java:133)</small> </font> </div>]]>
    </line>
    <line>
      <![CDATA[<div class="test-message">&emsp;Clicked on button Click on Reconciliation link]]>
    </line>
    <line>
      <![CDATA[<div class="test-event"> <font color="maroon"> <small> &emsp; &emsp;--- 31 Jan 11:53:19 587 - Page URL:: http://vm-hland-qa01/pure.portal/secure/bankreconciliation.aspx?postback=ribbonmenu</small> </font> </div>]]>
    </line>
    <line>
      <![CDATA[<div class="test-event"> <font color="maroon"> <small> &emsp; &emsp;--- 31 Jan 11:53:19 587 - <b>0</b> - Page Load Wait: (Sync) - com.ssp.utils.WaitUtils.waitForPageLoad(WaitUtils.java:325)</small> </font> </div>]]>
    </line>
    <line>
      <![CDATA[<div class="test-event"> <font color="maroon"> <small> &emsp; &emsp;--- 31 Jan 11:53:19 837 - Page URL:: http://vm-hland-qa01/pure.portal/secure/bankreconciliation.aspx?postback=ribbonmenu</small> </font> </div>]]>
    </line>
    <line>
      <![CDATA[<div class="test-event"> <font color="maroon"> <small> &emsp; &emsp;--- 31 Jan 11:53:19 837 - <b>0</b> - Page Load Wait: (Sync) - com.ssp.utils.WaitUtils.waitForPageLoad(WaitUtils.java:325)</small> </font> </div>]]>
    </line>
    <line>
      <![CDATA[<div class="test-message">&emsp;Successfully navigated to BankReconciliation Page&emsp;</div>]]>
    </line>
    <line>
      <![CDATA[<div class="test-message">&emsp;Value of BankReconciliation_Click Find_fieldLabel: ------->Click Find</div>]]>
    </line>
    <line>
      <![CDATA[<div class="test-message">&emsp;Value of BankReconciliation_Click Find_id: ------->btnFind</div>]]>
    </line>
    <line>
      <![CDATA[<div class="test-message">&emsp;Value of BankReconciliation_Click Find_pathType: ------->css</div>]]>
    </line>
    <line>
      <![CDATA[<div class="test-message">&emsp;Value of BankReconciliation_Click Find_screenShot: ------->false</div>]]>
    </line>
    <line>
      <![CDATA[<div class="test-message">&emsp;Value of BankReconciliation_Click Find_type: ------->Button</div>]]>
    </line>
    <line>
      <![CDATA[<div class="test-event"> <font color="maroon"> <small> &emsp; &emsp;--- 31 Jan 11:53:20 046 - Element is displayed:: [[RemoteWebDriver: chrome on XP (e03dc01350c084a65c69556aa82e0037)] -> css selector: #ctl00_cntMainBody_btnFind]</small> </font> </div>]]>
    </line>
    <line>
      <![CDATA[<div class="test-event"> <font color="maroon"> <small> &emsp; &emsp;--- 31 Jan 11:53:22 109 - <b>2</b> - Spinner Load Wait: (Sync) - com.ssp.utils.WaitUtils.waitForSpinner(WaitUtils.java:133)</small> </font> </div>]]>
    </line>
    <line>
      <![CDATA[<div class="test-event"> <font color="maroon"> <small> &emsp; &emsp;--- 31 Jan 11:53:25 874 - <b>2</b> - Spinner Load Wait: (Sync) - com.ssp.utils.WaitUtils.waitForSpinner(WaitUtils.java:133)</small> </font> </div>]]>
    </line>
    <line>
      <![CDATA[<div class="test-message">&emsp;Clicked on button Click Find]]>
    </line>
    <line>
      <![CDATA[<div class="test-message">&emsp;Value of BankReconciliation_Click elipsis button_fieldLabel: ------->Click elipsis button</div>]]>
    </line>
    <line>
      <![CDATA[<div class="test-message">&emsp;Value of BankReconciliation_Click elipsis button_id: ------->actionMenu</div>]]>
    </line>
    <line>
      <![CDATA[<div class="test-message">&emsp;Value of BankReconciliation_Click elipsis button_pathType: ------->css</div>]]>
    </line>
    <line>
      <![CDATA[<div class="test-message">&emsp;Value of BankReconciliation_Click elipsis button_screenShot: ------->false</div>]]>
    </line>
    <line>
      <![CDATA[<div class="test-message">&emsp;Value of BankReconciliation_Click elipsis button_type: ------->Button</div>]]>
    </line>
    <line>
      <![CDATA[<div class="test-event"> <font color="maroon"> <small> &emsp; &emsp;--- 31 Jan 11:53:25 987 - Element is displayed:: [[RemoteWebDriver: chrome on XP (e03dc01350c084a65c69556aa82e0037)] -> css selector: a[title='Action Menu']]</small> </font> </div>]]>
    </line>
    <line>
      <![CDATA[<div class="test-event"> <font color="maroon"> <small> &emsp; &emsp;--- 31 Jan 11:53:28 044 - <b>2</b> - Spinner Load Wait: (Sync) - com.ssp.utils.WaitUtils.waitForSpinner(WaitUtils.java:133)</small> </font> </div>]]>
    </line>
    <line>
      <![CDATA[<div class="test-event"> <font color="maroon"> <small> &emsp; &emsp;--- 31 Jan 11:53:30 282 - <b>2</b> - Spinner Load Wait: (Sync) - com.ssp.utils.WaitUtils.waitForSpinner(WaitUtils.java:133)</small> </font> </div>]]>
    </line>
    <line>
      <![CDATA[<div class="test-message">&emsp;Clicked on button Click elipsis button]]>
    </line>
    <line>
      <![CDATA[<div class="test-message">&emsp;Value of BankReconciliation_Click view link_fieldLabel: ------->Click view link</div>]]>
    </line>
    <line>
      <![CDATA[<div class="test-message">&emsp;Value of BankReconciliation_Click view link_id: ------->lnkView</div>]]>
    </line>
    <line>
      <![CDATA[<div class="test-message">&emsp;Value of BankReconciliation_Click view link_pathType: ------->css</div>]]>
    </line>
    <line>
      <![CDATA[<div class="test-message">&emsp;Value of BankReconciliation_Click view link_screenShot: ------->false</div>]]>
    </line>
    <line>
      <![CDATA[<div class="test-message">&emsp;Value of BankReconciliation_Click view link_type: ------->Button</div>]]>
    </line>
    <line>
      <![CDATA[<div class="test-event"> <font color="maroon"> <small> &emsp; &emsp;--- 31 Jan 11:53:30 462 - Element is displayed:: [[RemoteWebDriver: chrome on XP (e03dc01350c084a65c69556aa82e0037)] -> css selector: #ctl00_cntMainBody_grdDetails_ctl02_liView a]</small> </font> </div>]]>
    </line>
    <line>
      <![CDATA[<div class="test-event"> <font color="maroon"> <small> &emsp; &emsp;--- 31 Jan 11:53:32 539 - <b>2</b> - Spinner Load Wait: (Sync) - com.ssp.utils.WaitUtils.waitForSpinner(WaitUtils.java:133)</small> </font> </div>]]>
    </line>
    <line>
      <![CDATA[<div class="test-event"> <font color="maroon"> <small> &emsp; &emsp;--- 31 Jan 11:53:40 096 - <b>7</b> - Spinner Load Wait: (Sync) - com.ssp.utils.WaitUtils.waitForSpinner(WaitUtils.java:133)</small> </font> </div>]]>
    </line>
    <line>
      <![CDATA[<div class="test-message">&emsp;Clicked on button Click view link]]>
    </line>
    <line>
      <![CDATA[<div class="test-message">&emsp;Value of BankReconciliation_switch  Iframe_fieldLabel: ------->switch  Iframe</div>]]>
    </line>
    <line>
      <![CDATA[<div class="test-message">&emsp;Value of BankReconciliation_switch  Iframe_id: ------->iframeIn</div>]]>
    </line>
    <line>
      <![CDATA[<div class="test-message">&emsp;Value of BankReconciliation_switch  Iframe_pathType: ------->css</div>]]>
    </line>
    <line>
      <![CDATA[<div class="test-message">&emsp;Value of BankReconciliation_switch  Iframe_screenShot: ------->false</div>]]>
    </line>
    <line>
      <![CDATA[<div class="test-message">&emsp;Value of BankReconciliation_switch  Iframe_type: ------->switchIframe</div>]]>
    </line>
    <line>
      <![CDATA[<div class="test-message">&emsp;Value of BankReconciliation_Click Details tab_fieldLabel: ------->Click Details tab</div>]]>
    </line>
    <line>
      <![CDATA[<div class="test-message">&emsp;Value of BankReconciliation_Click Details tab_id: ------->tabDetails</div>]]>
    </line>
    <line>
      <![CDATA[<div class="test-message">&emsp;Value of BankReconciliation_Click Details tab_pathType: ------->css</div>]]>
    </line>
    <line>
      <![CDATA[<div class="test-message">&emsp;Value of BankReconciliation_Click Details tab_screenShot: ------->false</div>]]>
    </line>
    <line>
      <![CDATA[<div class="test-message">&emsp;Value of BankReconciliation_Click Details tab_type: ------->Button</div>]]>
    </line>
    <line>
      <![CDATA[<div class="test-event"> <font color="maroon"> <small> &emsp; &emsp;--- 31 Jan 11:53:40 327 - Element is displayed:: [[RemoteWebDriver: chrome on XP (e03dc01350c084a65c69556aa82e0037)] -> css selector: a[href='#tabdetails']]</small> </font> </div>]]>
    </line>
    <line>
      <![CDATA[<div class="test-event"> <font color="maroon"> <small> &emsp; &emsp;--- 31 Jan 11:53:42 383 - <b>2</b> - Spinner Load Wait: (Sync) - com.ssp.utils.WaitUtils.waitForSpinner(WaitUtils.java:133)</small> </font> </div>]]>
    </line>
    <line>
      <![CDATA[<div class="test-event"> <font color="maroon"> <small> &emsp; &emsp;--- 31 Jan 11:53:44 823 - <b>2</b> - Spinner Load Wait: (Sync) - com.ssp.utils.WaitUtils.waitForSpinner(WaitUtils.java:133)</small> </font> </div>]]>
    </line>
    <line>
      <![CDATA[<div class="test-message">&emsp;Clicked on button Click Details tab]]>
    </line>
    <line>
      <![CDATA[<div class="test-message">&emsp;Value of BankReconciliation_Availability of Reconciliation Date field_errorMessage: ------->Reconciliation Date field is not present</div>]]>
    </line>
    <line>
      <![CDATA[<div class="test-message">&emsp;Value of BankReconciliation_Availability of Reconciliation Date field_fieldLabel: ------->Availability of Reconciliation Date field</div>]]>
    </line>
    <line>
      <![CDATA[<div class="test-message">&emsp;Value of BankReconciliation_Availability of Reconciliation Date field_id: ------->fldReconciliationDateOnCTV</div>]]>
    </line>
    <line>
      <![CDATA[<div class="test-message">&emsp;Value of BankReconciliation_Availability of Reconciliation Date field_pathType: ------->css</div>]]>
    </line>
    <line>
      <![CDATA[<div class="test-message">&emsp;Value of BankReconciliation_Availability of Reconciliation Date field_screenShot: ------->false</div>]]>
    </line>
    <line>
      <![CDATA[<div class="test-message">&emsp;Value of BankReconciliation_Availability of Reconciliation Date field_type: ------->assertGetText</div>]]>
    </line>
    <line>
      <![CDATA[<div class="test-message">&emsp;Value of BankReconciliation_Availability of Reconciliation Date field_validMessage: ------->Reconciliation Date field is present</div>]]>
    </line>
    <line>
      <![CDATA[<div class="test-event"> <font color="maroon"> <small> &emsp; &emsp;--- 31 Jan 11:53:45 060 - Element is displayed:: [[RemoteWebDriver: chrome on XP (e03dc01350c084a65c69556aa82e0037)] -> css selector: #ctl00_cntMainBody_lblReconciledDate]</small> </font> </div>]]>
    </line>
    <line>
      <![CDATA[<div class="test-message">&emsp;Reconciliation Date field is present</div>]]>
    </line>
    <line>
      <![CDATA[<div class="test-message">&emsp;<--------------------- Iteration 0 is ended -----------------------></div>]]>
    </line>
    <line>
      <![CDATA[<div class="test-result"><br><font color="green"><strong> Test Passed. </strong></font> </div>&emsp;]]>
    </line>
  </reporter-output>
  <suite name="SIAAS_Regression" duration-ms="61457" started-at="2019-01-31T06:22:43Z" finished-at="2019-01-31T06:23:45Z">
    <groups>
    </groups>
    <test name="MMVP-Login" duration-ms="61457" started-at="2019-01-31T06:22:43Z" finished-at="2019-01-31T06:23:45Z">
      <class name="com.ssp.regression.insurer.testscripts.US_7156">
        <test-method status="PASS" signature="beforeSuite()[pri:0, instance:com.ssp.regression.insurer.testscripts.US_7156@cd2dae5]" name="beforeSuite" is-config="true" duration-ms="272" started-at="2019-01-31T11:52:43Z" finished-at="2019-01-31T11:52:43Z">
          <reporter-output>
          </reporter-output>
        </test-method> <!-- beforeSuite -->
        <test-method status="PASS" signature="init(org.testng.ITestContext)[pri:0, instance:com.ssp.regression.insurer.testscripts.US_7156@cd2dae5]" name="init" is-config="true" duration-ms="1" started-at="2019-01-31T11:52:43Z" finished-at="2019-01-31T11:52:43Z">
          <params>
            <param index="0">
              <value>
                <![CDATA[org.testng.TestRunner@4da4253]]>
              </value>
            </param>
          </params>
          <reporter-output>
          </reporter-output>
        </test-method> <!-- init -->
        <test-method status="PASS" signature="TC_7156_7792(java.lang.String)[pri:0, instance:com.ssp.regression.insurer.testscripts.US_7156@cd2dae5]" name="TC_7156_7792" duration-ms="56963" started-at="2019-01-31T11:52:48Z" description="This case is designed to test availability of Reconciliation Date on receipt view transaction screen through bank reconciliation screen" data-provider="ssBVTDataProvider" finished-at="2019-01-31T11:53:45Z">
          <params>
            <param index="0">
              <value>
                <![CDATA[, chrome_XP]]>
              </value>
            </param>
          </params>
          <reporter-output>
            <line>
              <![CDATA[&emsp;<div class="test-title"> <strong><font size = "3" color = "#000080">TC_7156_7792 [MMVP-Login]</font> </strong> </div>&emsp;<div><strong>Steps:</strong></div><!-- Report -->&emsp;]]>
            </line>
            <line>
              <![CDATA[&emsp;<div class="test-title"> <strong><font size = "3" color = "#000080">This case is designed to test availability of Reconciliation Date on receipt view transaction screen through bank reconciliation screen<small><b><i>[chrome_windows]</b></i></small></font> </strong> </div>&emsp;<div><strong>Steps:</strong></div>&emsp;]]>
            </line>
            <line>
              <![CDATA[<div class="test-message">&emsp;<--------------------- Iteration 0 is started -----------------------></div>]]>
            </line>
            <line>
              <![CDATA[<div class="test-event"> <font color="maroon"> <small> &emsp; &emsp;--- 31 Jan 11:52:55 407 - Page URL:: https://vm-hland-qa01/purests/account/signin?returnurl=%2fpurests%2fissue%2fwsfed%3fwa%3dwsignin1.0%26wtrealm%3dhttp%253a%252f%252fvm-hland-qa01%252fpure.portal%252flogin.aspx%26wctx%3drm%253d0%2526id%253dpassive%2526ru%253d%25252fpure.portal%25252flogin.aspx%26wct%3d2019-01-31t06%253a22%253a48z&wa=wsignin1.0&wtrealm=http%3a%2f%2fvm-hland-qa01%2fpure.portal%2flogin.aspx&wctx=rm%3d0%26id%3dpassive%26ru%3d%252fpure.portal%252flogin.aspx&wct=2019-01-31t06%3a22%3a48z</small> </font> </div>]]>
            </line>
            <line>
              <![CDATA[<div class="test-event"> <font color="maroon"> <small> &emsp; &emsp;--- 31 Jan 11:52:55 410 - <b>0</b> - Page Load Wait: (Sync) - com.ssp.utils.WaitUtils.waitForPageLoad(WaitUtils.java:325)</small> </font> </div>]]>
            </line>
            <line>
              <![CDATA[<div class="test-event"> <font color="maroon"> <small> &emsp; &emsp;--- 31 Jan 11:52:55 560 - Page URL:: https://vm-hland-qa01/purests/account/signin?returnurl=%2fpurests%2fissue%2fwsfed%3fwa%3dwsignin1.0%26wtrealm%3dhttp%253a%252f%252fvm-hland-qa01%252fpure.portal%252flogin.aspx%26wctx%3drm%253d0%2526id%253dpassive%2526ru%253d%25252fpure.portal%25252flogin.aspx%26wct%3d2019-01-31t06%253a22%253a48z&wa=wsignin1.0&wtrealm=http%3a%2f%2fvm-hland-qa01%2fpure.portal%2flogin.aspx&wctx=rm%3d0%26id%3dpassive%26ru%3d%252fpure.portal%252flogin.aspx&wct=2019-01-31t06%3a22%3a48z</small> </font> </div>]]>
            </line>
            <line>
              <![CDATA[<div class="test-event"> <font color="maroon"> <small> &emsp; &emsp;--- 31 Jan 11:52:55 561 - <b>0</b> - Page Load Wait: (Sync) - com.ssp.utils.WaitUtils.waitForPageLoad(WaitUtils.java:325)</small> </font> </div>]]>
            </line>
            <line>
              <![CDATA[<div class="test-message">&emsp;Navigated to Login page&emsp;<a href=".\ScreenShot\TC_7156_7792_MMVP-Login_1.png" target="_blank" >[ScreenShot]</a></div>]]>
            </line>
            <line>
              <![CDATA[<div class="test-message">&emsp;Value of LoginScreen_Username_fieldLabel: ------->Username</div>]]>
            </line>
            <line>
              <![CDATA[<div class="test-message">&emsp;Value of LoginScreen_Username_id: ------->fldUserName</div>]]>
            </line>
            <line>
              <![CDATA[<div class="test-message">&emsp;Value of LoginScreen_Username_inputType: ------->alphanumeric</div>]]>
            </line>
            <line>
              <![CDATA[<div class="test-message">&emsp;Value of LoginScreen_Username_length: ------->10</div>]]>
            </line>
            <line>
              <![CDATA[<div class="test-message">&emsp;Value of LoginScreen_Username_pathType: ------->css</div>]]>
            </line>
            <line>
              <![CDATA[<div class="test-message">&emsp;Value of LoginScreen_Username_screenShot: ------->false</div>]]>
            </line>
            <line>
              <![CDATA[<div class="test-message">&emsp;Value of LoginScreen_Username_type: ------->textfield</div>]]>
            </line>
            <line>
              <![CDATA[<div class="test-event"> <font color="maroon"> <small> &emsp; &emsp;--- 31 Jan 11:52:57 010 - Element is displayed:: [[RemoteWebDriver: chrome on XP (e03dc01350c084a65c69556aa82e0037)] -> css selector: input[id='UserName']]</small> </font> </div>]]>
            </line>
            <line>
              <![CDATA[<div class="test-message">&emsp;Entered text inside Username : sirius]]>
            </line>
            <line>
              <![CDATA[<div class="test-message">&emsp;Value of LoginScreen_Password_fieldLabel: ------->Password</div>]]>
            </line>
            <line>
              <![CDATA[<div class="test-message">&emsp;Value of LoginScreen_Password_id: ------->fldPassword</div>]]>
            </line>
            <line>
              <![CDATA[<div class="test-message">&emsp;Value of LoginScreen_Password_inputType: ------->alphanumeric</div>]]>
            </line>
            <line>
              <![CDATA[<div class="test-message">&emsp;Value of LoginScreen_Password_length: ------->10</div>]]>
            </line>
            <line>
              <![CDATA[<div class="test-message">&emsp;Value of LoginScreen_Password_pathType: ------->css</div>]]>
            </line>
            <line>
              <![CDATA[<div class="test-message">&emsp;Value of LoginScreen_Password_screenShot: ------->true</div>]]>
            </line>
            <line>
              <![CDATA[<div class="test-message">&emsp;Value of LoginScreen_Password_type: ------->textfield</div>]]>
            </line>
            <line>
              <![CDATA[<div class="test-event"> <font color="maroon"> <small> &emsp; &emsp;--- 31 Jan 11:52:57 494 - Element is displayed:: [[RemoteWebDriver: chrome on XP (e03dc01350c084a65c69556aa82e0037)] -> css selector: input#usrpwd]</small> </font> </div>]]>
            </line>
            <line>
              <![CDATA[<div class="test-message">&emsp;Entered text inside Password : sirius&emsp;<a href=".\ScreenShot\TC_7156_7792_MMVP-Login_2.png" target="_blank" >[ScreenShot]</a></div>]]>
            </line>
            <line>
              <![CDATA[<div class="test-message">&emsp;Value of LoginScreen_SignIn_fieldLabel: ------->SignIn</div>]]>
            </line>
            <line>
              <![CDATA[<div class="test-message">&emsp;Value of LoginScreen_SignIn_id: ------->btnSignIn</div>]]>
            </line>
            <line>
              <![CDATA[<div class="test-message">&emsp;Value of LoginScreen_SignIn_pathType: ------->css</div>]]>
            </line>
            <line>
              <![CDATA[<div class="test-message">&emsp;Value of LoginScreen_SignIn_screenShot: ------->false</div>]]>
            </line>
            <line>
              <![CDATA[<div class="test-message">&emsp;Value of LoginScreen_SignIn_type: ------->buttonJS</div>]]>
            </line>
            <line>
              <![CDATA[<div class="test-event"> <font color="maroon"> <small> &emsp; &emsp;--- 31 Jan 11:52:58 287 - Element is displayed:: [[RemoteWebDriver: chrome on XP (e03dc01350c084a65c69556aa82e0037)] -> css selector: [value='Sign In']]</small> </font> </div>]]>
            </line>
            <line>
              <![CDATA[<div class="test-message">&emsp;Click button is performed for SignIn]]>
            </line>
            <line>
              <![CDATA[<div class="test-event"> <font color="maroon"> <small> &emsp; &emsp;--- 31 Jan 11:53:08 444 - Page URL:: http://vm-hland-qa01/pure.portal/secure/agent/findclient.aspx</small> </font> </div>]]>
            </line>
            <line>
              <![CDATA[<div class="test-event"> <font color="maroon"> <small> &emsp; &emsp;--- 31 Jan 11:53:08 445 - <b>0</b> - Page Load Wait: (Sync) - com.ssp.utils.WaitUtils.waitForPageLoad(WaitUtils.java:325)</small> </font> </div>]]>
            </line>
            <line>
              <![CDATA[<div class="test-event"> <font color="maroon"> <small> &emsp; &emsp;--- 31 Jan 11:53:08 645 - Page URL:: http://vm-hland-qa01/pure.portal/secure/agent/findclient.aspx</small> </font> </div>]]>
            </line>
            <line>
              <![CDATA[<div class="test-event"> <font color="maroon"> <small> &emsp; &emsp;--- 31 Jan 11:53:08 645 - <b>0</b> - Page Load Wait: (Sync) - com.ssp.utils.WaitUtils.waitForPageLoad(WaitUtils.java:325)</small> </font> </div>]]>
            </line>
            <line>
              <![CDATA[<div class="test-message">&emsp;Successfully navigated to Client/Policy Search Page&emsp;</div>]]>
            </line>
            <line>
              <![CDATA[<div class="test-message">&emsp;Value of Home_Finance Ribbon Menu_fieldLabel: ------->Finance Ribbon Menu</div>]]>
            </line>
            <line>
              <![CDATA[<div class="test-message">&emsp;Value of Home_Finance Ribbon Menu_id: ------->lnkFinance</div>]]>
            </line>
            <line>
              <![CDATA[<div class="test-message">&emsp;Value of Home_Finance Ribbon Menu_pathType: ------->css</div>]]>
            </line>
            <line>
              <![CDATA[<div class="test-message">&emsp;Value of Home_Finance Ribbon Menu_screenShot: ------->false</div>]]>
            </line>
            <line>
              <![CDATA[<div class="test-message">&emsp;Value of Home_Finance Ribbon Menu_type: ------->Button</div>]]>
            </line>
            <line>
              <![CDATA[<div class="test-event"> <font color="maroon"> <small> &emsp; &emsp;--- 31 Jan 11:53:08 848 - Element is displayed:: [[RemoteWebDriver: chrome on XP (e03dc01350c084a65c69556aa82e0037)] -> css selector: #ctl00_RibbonMenu_rptCategory_ctl04_RptCategorySpanText]</small> </font> </div>]]>
            </line>
            <line>
              <![CDATA[<div class="test-event"> <font color="maroon"> <small> &emsp; &emsp;--- 31 Jan 11:53:10 944 - <b>2</b> - Spinner Load Wait: (Sync) - com.ssp.utils.WaitUtils.waitForSpinner(WaitUtils.java:133)</small> </font> </div>]]>
            </line>
            <line>
              <![CDATA[<div class="test-event"> <font color="maroon"> <small> &emsp; &emsp;--- 31 Jan 11:53:13 173 - <b>2</b> - Spinner Load Wait: (Sync) - com.ssp.utils.WaitUtils.waitForSpinner(WaitUtils.java:133)</small> </font> </div>]]>
            </line>
            <line>
              <![CDATA[<div class="test-message">&emsp;Clicked on button Finance Ribbon Menu]]>
            </line>
            <line>
              <![CDATA[<div class="test-message">&emsp;Value of Home_Click on Reconciliation link_fieldLabel: ------->Click on Reconciliation link</div>]]>
            </line>
            <line>
              <![CDATA[<div class="test-message">&emsp;Value of Home_Click on Reconciliation link_id: ------->lnkReconciliation</div>]]>
            </line>
            <line>
              <![CDATA[<div class="test-message">&emsp;Value of Home_Click on Reconciliation link_pathType: ------->css</div>]]>
            </line>
            <line>
              <![CDATA[<div class="test-message">&emsp;Value of Home_Click on Reconciliation link_screenShot: ------->false</div>]]>
            </line>
            <line>
              <![CDATA[<div class="test-message">&emsp;Value of Home_Click on Reconciliation link_type: ------->Button</div>]]>
            </line>
            <line>
              <![CDATA[<div class="test-event"> <font color="maroon"> <small> &emsp; &emsp;--- 31 Jan 11:53:13 331 - Element is displayed:: [[RemoteWebDriver: chrome on XP (e03dc01350c084a65c69556aa82e0037)] -> css selector: #ctl00_RibbonMenu_rptCategory_ctl04_rptSection_ctl02_rptItem_ctl00_A1]</small> </font> </div>]]>
            </line>
            <line>
              <![CDATA[<div class="test-event"> <font color="maroon"> <small> &emsp; &emsp;--- 31 Jan 11:53:15 399 - <b>2</b> - Spinner Load Wait: (Sync) - com.ssp.utils.WaitUtils.waitForSpinner(WaitUtils.java:133)</small> </font> </div>]]>
            </line>
            <line>
              <![CDATA[<div class="test-event"> <font color="maroon"> <small> &emsp; &emsp;--- 31 Jan 11:53:19 333 - <b>2</b> - Spinner Load Wait: (Sync) - com.ssp.utils.WaitUtils.waitForSpinner(WaitUtils.java:133)</small> </font> </div>]]>
            </line>
            <line>
              <![CDATA[<div class="test-message">&emsp;Clicked on button Click on Reconciliation link]]>
            </line>
            <line>
              <![CDATA[<div class="test-event"> <font color="maroon"> <small> &emsp; &emsp;--- 31 Jan 11:53:19 587 - Page URL:: http://vm-hland-qa01/pure.portal/secure/bankreconciliation.aspx?postback=ribbonmenu</small> </font> </div>]]>
            </line>
            <line>
              <![CDATA[<div class="test-event"> <font color="maroon"> <small> &emsp; &emsp;--- 31 Jan 11:53:19 587 - <b>0</b> - Page Load Wait: (Sync) - com.ssp.utils.WaitUtils.waitForPageLoad(WaitUtils.java:325)</small> </font> </div>]]>
            </line>
            <line>
              <![CDATA[<div class="test-event"> <font color="maroon"> <small> &emsp; &emsp;--- 31 Jan 11:53:19 837 - Page URL:: http://vm-hland-qa01/pure.portal/secure/bankreconciliation.aspx?postback=ribbonmenu</small> </font> </div>]]>
            </line>
            <line>
              <![CDATA[<div class="test-event"> <font color="maroon"> <small> &emsp; &emsp;--- 31 Jan 11:53:19 837 - <b>0</b> - Page Load Wait: (Sync) - com.ssp.utils.WaitUtils.waitForPageLoad(WaitUtils.java:325)</small> </font> </div>]]>
            </line>
            <line>
              <![CDATA[<div class="test-message">&emsp;Successfully navigated to BankReconciliation Page&emsp;</div>]]>
            </line>
            <line>
              <![CDATA[<div class="test-message">&emsp;Value of BankReconciliation_Click Find_fieldLabel: ------->Click Find</div>]]>
            </line>
            <line>
              <![CDATA[<div class="test-message">&emsp;Value of BankReconciliation_Click Find_id: ------->btnFind</div>]]>
            </line>
            <line>
              <![CDATA[<div class="test-message">&emsp;Value of BankReconciliation_Click Find_pathType: ------->css</div>]]>
            </line>
            <line>
              <![CDATA[<div class="test-message">&emsp;Value of BankReconciliation_Click Find_screenShot: ------->false</div>]]>
            </line>
            <line>
              <![CDATA[<div class="test-message">&emsp;Value of BankReconciliation_Click Find_type: ------->Button</div>]]>
            </line>
            <line>
              <![CDATA[<div class="test-event"> <font color="maroon"> <small> &emsp; &emsp;--- 31 Jan 11:53:20 046 - Element is displayed:: [[RemoteWebDriver: chrome on XP (e03dc01350c084a65c69556aa82e0037)] -> css selector: #ctl00_cntMainBody_btnFind]</small> </font> </div>]]>
            </line>
            <line>
              <![CDATA[<div class="test-event"> <font color="maroon"> <small> &emsp; &emsp;--- 31 Jan 11:53:22 109 - <b>2</b> - Spinner Load Wait: (Sync) - com.ssp.utils.WaitUtils.waitForSpinner(WaitUtils.java:133)</small> </font> </div>]]>
            </line>
            <line>
              <![CDATA[<div class="test-event"> <font color="maroon"> <small> &emsp; &emsp;--- 31 Jan 11:53:25 874 - <b>2</b> - Spinner Load Wait: (Sync) - com.ssp.utils.WaitUtils.waitForSpinner(WaitUtils.java:133)</small> </font> </div>]]>
            </line>
            <line>
              <![CDATA[<div class="test-message">&emsp;Clicked on button Click Find]]>
            </line>
            <line>
              <![CDATA[<div class="test-message">&emsp;Value of BankReconciliation_Click elipsis button_fieldLabel: ------->Click elipsis button</div>]]>
            </line>
            <line>
              <![CDATA[<div class="test-message">&emsp;Value of BankReconciliation_Click elipsis button_id: ------->actionMenu</div>]]>
            </line>
            <line>
              <![CDATA[<div class="test-message">&emsp;Value of BankReconciliation_Click elipsis button_pathType: ------->css</div>]]>
            </line>
            <line>
              <![CDATA[<div class="test-message">&emsp;Value of BankReconciliation_Click elipsis button_screenShot: ------->false</div>]]>
            </line>
            <line>
              <![CDATA[<div class="test-message">&emsp;Value of BankReconciliation_Click elipsis button_type: ------->Button</div>]]>
            </line>
            <line>
              <![CDATA[<div class="test-event"> <font color="maroon"> <small> &emsp; &emsp;--- 31 Jan 11:53:25 987 - Element is displayed:: [[RemoteWebDriver: chrome on XP (e03dc01350c084a65c69556aa82e0037)] -> css selector: a[title='Action Menu']]</small> </font> </div>]]>
            </line>
            <line>
              <![CDATA[<div class="test-event"> <font color="maroon"> <small> &emsp; &emsp;--- 31 Jan 11:53:28 044 - <b>2</b> - Spinner Load Wait: (Sync) - com.ssp.utils.WaitUtils.waitForSpinner(WaitUtils.java:133)</small> </font> </div>]]>
            </line>
            <line>
              <![CDATA[<div class="test-event"> <font color="maroon"> <small> &emsp; &emsp;--- 31 Jan 11:53:30 282 - <b>2</b> - Spinner Load Wait: (Sync) - com.ssp.utils.WaitUtils.waitForSpinner(WaitUtils.java:133)</small> </font> </div>]]>
            </line>
            <line>
              <![CDATA[<div class="test-message">&emsp;Clicked on button Click elipsis button]]>
            </line>
            <line>
              <![CDATA[<div class="test-message">&emsp;Value of BankReconciliation_Click view link_fieldLabel: ------->Click view link</div>]]>
            </line>
            <line>
              <![CDATA[<div class="test-message">&emsp;Value of BankReconciliation_Click view link_id: ------->lnkView</div>]]>
            </line>
            <line>
              <![CDATA[<div class="test-message">&emsp;Value of BankReconciliation_Click view link_pathType: ------->css</div>]]>
            </line>
            <line>
              <![CDATA[<div class="test-message">&emsp;Value of BankReconciliation_Click view link_screenShot: ------->false</div>]]>
            </line>
            <line>
              <![CDATA[<div class="test-message">&emsp;Value of BankReconciliation_Click view link_type: ------->Button</div>]]>
            </line>
            <line>
              <![CDATA[<div class="test-event"> <font color="maroon"> <small> &emsp; &emsp;--- 31 Jan 11:53:30 462 - Element is displayed:: [[RemoteWebDriver: chrome on XP (e03dc01350c084a65c69556aa82e0037)] -> css selector: #ctl00_cntMainBody_grdDetails_ctl02_liView a]</small> </font> </div>]]>
            </line>
            <line>
              <![CDATA[<div class="test-event"> <font color="maroon"> <small> &emsp; &emsp;--- 31 Jan 11:53:32 539 - <b>2</b> - Spinner Load Wait: (Sync) - com.ssp.utils.WaitUtils.waitForSpinner(WaitUtils.java:133)</small> </font> </div>]]>
            </line>
            <line>
              <![CDATA[<div class="test-event"> <font color="maroon"> <small> &emsp; &emsp;--- 31 Jan 11:53:40 096 - <b>7</b> - Spinner Load Wait: (Sync) - com.ssp.utils.WaitUtils.waitForSpinner(WaitUtils.java:133)</small> </font> </div>]]>
            </line>
            <line>
              <![CDATA[<div class="test-message">&emsp;Clicked on button Click view link]]>
            </line>
            <line>
              <![CDATA[<div class="test-message">&emsp;Value of BankReconciliation_switch  Iframe_fieldLabel: ------->switch  Iframe</div>]]>
            </line>
            <line>
              <![CDATA[<div class="test-message">&emsp;Value of BankReconciliation_switch  Iframe_id: ------->iframeIn</div>]]>
            </line>
            <line>
              <![CDATA[<div class="test-message">&emsp;Value of BankReconciliation_switch  Iframe_pathType: ------->css</div>]]>
            </line>
            <line>
              <![CDATA[<div class="test-message">&emsp;Value of BankReconciliation_switch  Iframe_screenShot: ------->false</div>]]>
            </line>
            <line>
              <![CDATA[<div class="test-message">&emsp;Value of BankReconciliation_switch  Iframe_type: ------->switchIframe</div>]]>
            </line>
            <line>
              <![CDATA[<div class="test-message">&emsp;Value of BankReconciliation_Click Details tab_fieldLabel: ------->Click Details tab</div>]]>
            </line>
            <line>
              <![CDATA[<div class="test-message">&emsp;Value of BankReconciliation_Click Details tab_id: ------->tabDetails</div>]]>
            </line>
            <line>
              <![CDATA[<div class="test-message">&emsp;Value of BankReconciliation_Click Details tab_pathType: ------->css</div>]]>
            </line>
            <line>
              <![CDATA[<div class="test-message">&emsp;Value of BankReconciliation_Click Details tab_screenShot: ------->false</div>]]>
            </line>
            <line>
              <![CDATA[<div class="test-message">&emsp;Value of BankReconciliation_Click Details tab_type: ------->Button</div>]]>
            </line>
            <line>
              <![CDATA[<div class="test-event"> <font color="maroon"> <small> &emsp; &emsp;--- 31 Jan 11:53:40 327 - Element is displayed:: [[RemoteWebDriver: chrome on XP (e03dc01350c084a65c69556aa82e0037)] -> css selector: a[href='#tabdetails']]</small> </font> </div>]]>
            </line>
            <line>
              <![CDATA[<div class="test-event"> <font color="maroon"> <small> &emsp; &emsp;--- 31 Jan 11:53:42 383 - <b>2</b> - Spinner Load Wait: (Sync) - com.ssp.utils.WaitUtils.waitForSpinner(WaitUtils.java:133)</small> </font> </div>]]>
            </line>
            <line>
              <![CDATA[<div class="test-event"> <font color="maroon"> <small> &emsp; &emsp;--- 31 Jan 11:53:44 823 - <b>2</b> - Spinner Load Wait: (Sync) - com.ssp.utils.WaitUtils.waitForSpinner(WaitUtils.java:133)</small> </font> </div>]]>
            </line>
            <line>
              <![CDATA[<div class="test-message">&emsp;Clicked on button Click Details tab]]>
            </line>
            <line>
              <![CDATA[<div class="test-message">&emsp;Value of BankReconciliation_Availability of Reconciliation Date field_errorMessage: ------->Reconciliation Date field is not present</div>]]>
            </line>
            <line>
              <![CDATA[<div class="test-message">&emsp;Value of BankReconciliation_Availability of Reconciliation Date field_fieldLabel: ------->Availability of Reconciliation Date field</div>]]>
            </line>
            <line>
              <![CDATA[<div class="test-message">&emsp;Value of BankReconciliation_Availability of Reconciliation Date field_id: ------->fldReconciliationDateOnCTV</div>]]>
            </line>
            <line>
              <![CDATA[<div class="test-message">&emsp;Value of BankReconciliation_Availability of Reconciliation Date field_pathType: ------->css</div>]]>
            </line>
            <line>
              <![CDATA[<div class="test-message">&emsp;Value of BankReconciliation_Availability of Reconciliation Date field_screenShot: ------->false</div>]]>
            </line>
            <line>
              <![CDATA[<div class="test-message">&emsp;Value of BankReconciliation_Availability of Reconciliation Date field_type: ------->assertGetText</div>]]>
            </line>
            <line>
              <![CDATA[<div class="test-message">&emsp;Value of BankReconciliation_Availability of Reconciliation Date field_validMessage: ------->Reconciliation Date field is present</div>]]>
            </line>
            <line>
              <![CDATA[<div class="test-event"> <font color="maroon"> <small> &emsp; &emsp;--- 31 Jan 11:53:45 060 - Element is displayed:: [[RemoteWebDriver: chrome on XP (e03dc01350c084a65c69556aa82e0037)] -> css selector: #ctl00_cntMainBody_lblReconciledDate]</small> </font> </div>]]>
            </line>
            <line>
              <![CDATA[<div class="test-message">&emsp;Reconciliation Date field is present</div>]]>
            </line>
            <line>
              <![CDATA[<div class="test-message">&emsp;<--------------------- Iteration 0 is ended -----------------------></div>]]>
            </line>
            <line>
              <![CDATA[<div class="test-result"><br><font color="green"><strong> Test Passed. </strong></font> </div>&emsp;]]>
            </line>
          </reporter-output>
        </test-method> <!-- TC_7156_7792 -->
        <test-method status="PASS" signature="closeBrowser()[pri:0, instance:com.ssp.regression.insurer.testscripts.US_7156@cd2dae5]" name="closeBrowser" is-config="true" duration-ms="128" started-at="2019-01-31T11:53:45Z" finished-at="2019-01-31T11:53:45Z">
          <reporter-output>
          </reporter-output>
        </test-method> <!-- closeBrowser -->
        <test-method status="PASS" signature="afterSuite()[pri:0, instance:com.ssp.regression.insurer.testscripts.US_7156@cd2dae5]" name="afterSuite" is-config="true" duration-ms="2341" started-at="2019-01-31T11:53:45Z" finished-at="2019-01-31T11:53:47Z">
          <reporter-output>
          </reporter-output>
        </test-method> <!-- afterSuite -->
      </class> <!-- com.ssp.regression.insurer.testscripts.US_7156 -->
    </test> <!-- MMVP-Login -->
  </suite> <!-- SIAAS_Regression -->
</testng-results>
