<?xml version="1.0" encoding="UTF-8"?>
<testng-results skipped="0" failed="0" total="5" passed="5">
  <reporter-output>
    <line>
      <![CDATA[&emsp;<div class="test-title"> <strong><font size = "3" color = "#000080">TC_3044_7729 [MMVP-Login]</font> </strong> </div>&emsp;<div><strong>Steps:</strong></div><!-- Report -->&emsp;]]>
    </line>
    <line>
      <![CDATA[&emsp;<div class="test-title"> <strong><font size = "3" color = "#000080">To Validate the availability of 'Bank Reconciliation'task under FInance>Bank<small><b><i>[chrome_windows]</b></i></small></font> </strong> </div>&emsp;<div><strong>Steps:</strong></div>&emsp;]]>
    </line>
    <line>
      <![CDATA[<div class="test-message">&emsp;<--------------------- Iteration 0 is started -----------------------></div>]]>
    </line>
    <line>
      <![CDATA[<div class="test-event"> <font color="maroon"> <small> &emsp; &emsp;--- 16 Jan 12:35:21 862 - Page URL:: https://vm-hland-qa02/purests/account/signin?returnurl=%2fpurests%2fissue%2fwsfed%3fwa%3dwsignin1.0%26wtrealm%3dhttp%253a%252f%252fvm-hland-qa02%252fpure.portal%252flogin.aspx%26wctx%3drm%253d0%2526id%253dpassive%2526ru%253d%25252fpure.portal%25252flogin.aspx%26wct%3d2019-01-16t07%253a05%253a09z&wa=wsignin1.0&wtrealm=http%3a%2f%2fvm-hland-qa02%2fpure.portal%2flogin.aspx&wctx=rm%3d0%26id%3dpassive%26ru%3d%252fpure.portal%252flogin.aspx&wct=2019-01-16t07%3a05%3a09z</small> </font> </div>]]>
    </line>
    <line>
      <![CDATA[<div class="test-event"> <font color="maroon"> <small> &emsp; &emsp;--- 16 Jan 12:35:21 864 - <b>0</b> - Page Load Wait: (Sync) - com.ssp.utils.WaitUtils.waitForPageLoad(WaitUtils.java:325)</small> </font> </div>]]>
    </line>
    <line>
      <![CDATA[<div class="test-event"> <font color="maroon"> <small> &emsp; &emsp;--- 16 Jan 12:35:21 978 - Page URL:: https://vm-hland-qa02/purests/account/signin?returnurl=%2fpurests%2fissue%2fwsfed%3fwa%3dwsignin1.0%26wtrealm%3dhttp%253a%252f%252fvm-hland-qa02%252fpure.portal%252flogin.aspx%26wctx%3drm%253d0%2526id%253dpassive%2526ru%253d%25252fpure.portal%25252flogin.aspx%26wct%3d2019-01-16t07%253a05%253a09z&wa=wsignin1.0&wtrealm=http%3a%2f%2fvm-hland-qa02%2fpure.portal%2flogin.aspx&wctx=rm%3d0%26id%3dpassive%26ru%3d%252fpure.portal%252flogin.aspx&wct=2019-01-16t07%3a05%3a09z</small> </font> </div>]]>
    </line>
    <line>
      <![CDATA[<div class="test-event"> <font color="maroon"> <small> &emsp; &emsp;--- 16 Jan 12:35:21 980 - <b>0</b> - Page Load Wait: (Sync) - com.ssp.utils.WaitUtils.waitForPageLoad(WaitUtils.java:325)</small> </font> </div>]]>
    </line>
    <line>
      <![CDATA[<div class="test-message">&emsp;Navigated to Login page&emsp;<a href=".\ScreenShot\TC_3044_7729_MMVP-Login_1.png" target="_blank" >[ScreenShot]</a></div>]]>
    </line>
    <line>
      <![CDATA[<div class="test-message">&emsp;Value of LoginScreen_Username_fieldLabel: ------->Username</div>]]>
    </line>
    <line>
      <![CDATA[<div class="test-message">&emsp;Value of LoginScreen_Username_id: ------->fldUserName</div>]]>
    </line>
    <line>
      <![CDATA[<div class="test-message">&emsp;Value of LoginScreen_Username_inputType: ------->alphanumeric</div>]]>
    </line>
    <line>
      <![CDATA[<div class="test-message">&emsp;Value of LoginScreen_Username_length: ------->10</div>]]>
    </line>
    <line>
      <![CDATA[<div class="test-message">&emsp;Value of LoginScreen_Username_pathType: ------->css</div>]]>
    </line>
    <line>
      <![CDATA[<div class="test-message">&emsp;Value of LoginScreen_Username_screenShot: ------->false</div>]]>
    </line>
    <line>
      <![CDATA[<div class="test-message">&emsp;Value of LoginScreen_Username_type: ------->textfield</div>]]>
    </line>
    <line>
      <![CDATA[<div class="test-event"> <font color="maroon"> <small> &emsp; &emsp;--- 16 Jan 12:35:23 357 - Element is displayed:: [[RemoteWebDriver: chrome on XP (a4facbaaffbd7006af07535ea50c89ee)] -> css selector: input[id='UserName']]</small> </font> </div>]]>
    </line>
    <line>
      <![CDATA[<div class="test-message">&emsp;Entered text inside Username : sirius]]>
    </line>
    <line>
      <![CDATA[<div class="test-message">&emsp;Value of LoginScreen_Password_fieldLabel: ------->Password</div>]]>
    </line>
    <line>
      <![CDATA[<div class="test-message">&emsp;Value of LoginScreen_Password_id: ------->fldPassword</div>]]>
    </line>
    <line>
      <![CDATA[<div class="test-message">&emsp;Value of LoginScreen_Password_inputType: ------->alphanumeric</div>]]>
    </line>
    <line>
      <![CDATA[<div class="test-message">&emsp;Value of LoginScreen_Password_length: ------->10</div>]]>
    </line>
    <line>
      <![CDATA[<div class="test-message">&emsp;Value of LoginScreen_Password_pathType: ------->css</div>]]>
    </line>
    <line>
      <![CDATA[<div class="test-message">&emsp;Value of LoginScreen_Password_screenShot: ------->true</div>]]>
    </line>
    <line>
      <![CDATA[<div class="test-message">&emsp;Value of LoginScreen_Password_type: ------->textfield</div>]]>
    </line>
    <line>
      <![CDATA[<div class="test-event"> <font color="maroon"> <small> &emsp; &emsp;--- 16 Jan 12:35:23 683 - Element is displayed:: [[RemoteWebDriver: chrome on XP (a4facbaaffbd7006af07535ea50c89ee)] -> css selector: input#usrpwd]</small> </font> </div>]]>
    </line>
    <line>
      <![CDATA[<div class="test-message">&emsp;Entered text inside Password : sirius&emsp;<a href=".\ScreenShot\TC_3044_7729_MMVP-Login_2.png" target="_blank" >[ScreenShot]</a></div>]]>
    </line>
    <line>
      <![CDATA[<div class="test-message">&emsp;Value of LoginScreen_SignIn_fieldLabel: ------->SignIn</div>]]>
    </line>
    <line>
      <![CDATA[<div class="test-message">&emsp;Value of LoginScreen_SignIn_id: ------->btnSignIn</div>]]>
    </line>
    <line>
      <![CDATA[<div class="test-message">&emsp;Value of LoginScreen_SignIn_pathType: ------->css</div>]]>
    </line>
    <line>
      <![CDATA[<div class="test-message">&emsp;Value of LoginScreen_SignIn_screenShot: ------->false</div>]]>
    </line>
    <line>
      <![CDATA[<div class="test-message">&emsp;Value of LoginScreen_SignIn_type: ------->buttonJS</div>]]>
    </line>
    <line>
      <![CDATA[<div class="test-event"> <font color="maroon"> <small> &emsp; &emsp;--- 16 Jan 12:35:24 472 - Element is displayed:: [[RemoteWebDriver: chrome on XP (a4facbaaffbd7006af07535ea50c89ee)] -> css selector: [value='Sign In']]</small> </font> </div>]]>
    </line>
    <line>
      <![CDATA[<div class="test-message">&emsp;Click button is performed for SignIn]]>
    </line>
    <line>
      <![CDATA[<div class="test-event"> <font color="maroon"> <small> &emsp; &emsp;--- 16 Jan 12:35:42 711 - Page URL:: http://vm-hland-qa02/pure.portal/secure/agent/findclient.aspx</small> </font> </div>]]>
    </line>
    <line>
      <![CDATA[<div class="test-event"> <font color="maroon"> <small> &emsp; &emsp;--- 16 Jan 12:35:42 711 - <b>0</b> - Page Load Wait: (Sync) - com.ssp.utils.WaitUtils.waitForPageLoad(WaitUtils.java:325)</small> </font> </div>]]>
    </line>
    <line>
      <![CDATA[<div class="test-event"> <font color="maroon"> <small> &emsp; &emsp;--- 16 Jan 12:35:42 931 - Page URL:: http://vm-hland-qa02/pure.portal/secure/agent/findclient.aspx</small> </font> </div>]]>
    </line>
    <line>
      <![CDATA[<div class="test-event"> <font color="maroon"> <small> &emsp; &emsp;--- 16 Jan 12:35:42 931 - <b>0</b> - Page Load Wait: (Sync) - com.ssp.utils.WaitUtils.waitForPageLoad(WaitUtils.java:325)</small> </font> </div>]]>
    </line>
    <line>
      <![CDATA[<div class="test-message">&emsp;Successfully navigated to Client/Policy Search Page&emsp;</div>]]>
    </line>
    <line>
      <![CDATA[<div class="test-message">&emsp;Value of Home_Finance Ribbon Menu_fieldLabel: ------->Finance Ribbon Menu</div>]]>
    </line>
    <line>
      <![CDATA[<div class="test-message">&emsp;Value of Home_Finance Ribbon Menu_id: ------->lnkFinance</div>]]>
    </line>
    <line>
      <![CDATA[<div class="test-message">&emsp;Value of Home_Finance Ribbon Menu_pathType: ------->css</div>]]>
    </line>
    <line>
      <![CDATA[<div class="test-message">&emsp;Value of Home_Finance Ribbon Menu_screenShot: ------->false</div>]]>
    </line>
    <line>
      <![CDATA[<div class="test-message">&emsp;Value of Home_Finance Ribbon Menu_type: ------->Button</div>]]>
    </line>
    <line>
      <![CDATA[<div class="test-event"> <font color="maroon"> <small> &emsp; &emsp;--- 16 Jan 12:35:43 081 - Element is displayed:: [[RemoteWebDriver: chrome on XP (a4facbaaffbd7006af07535ea50c89ee)] -> css selector: #ctl00_RibbonMenu_rptCategory_ctl04_RptCategorySpanText]</small> </font> </div>]]>
    </line>
    <line>
      <![CDATA[<div class="test-event"> <font color="maroon"> <small> &emsp; &emsp;--- 16 Jan 12:35:45 141 - <b>2</b> - Spinner Load Wait: (Sync) - com.ssp.utils.WaitUtils.waitForSpinner(WaitUtils.java:133)</small> </font> </div>]]>
    </line>
    <line>
      <![CDATA[<div class="test-event"> <font color="maroon"> <small> &emsp; &emsp;--- 16 Jan 12:35:47 342 - <b>2</b> - Spinner Load Wait: (Sync) - com.ssp.utils.WaitUtils.waitForSpinner(WaitUtils.java:133)</small> </font> </div>]]>
    </line>
    <line>
      <![CDATA[<div class="test-message">&emsp;Clicked on button Finance Ribbon Menu]]>
    </line>
    <line>
      <![CDATA[<div class="test-message">&emsp;Value of Home_Reconciliation Link avilability_errorMessage: ------->Reconciliation link is not present under Finance menu</div>]]>
    </line>
    <line>
      <![CDATA[<div class="test-message">&emsp;Value of Home_Reconciliation Link avilability_fieldLabel: ------->Reconciliation Link avilability</div>]]>
    </line>
    <line>
      <![CDATA[<div class="test-message">&emsp;Value of Home_Reconciliation Link avilability_id: ------->lnkReconciliation</div>]]>
    </line>
    <line>
      <![CDATA[<div class="test-message">&emsp;Value of Home_Reconciliation Link avilability_pathType: ------->css</div>]]>
    </line>
    <line>
      <![CDATA[<div class="test-message">&emsp;Value of Home_Reconciliation Link avilability_screenShot: ------->true</div>]]>
    </line>
    <line>
      <![CDATA[<div class="test-message">&emsp;Value of Home_Reconciliation Link avilability_type: ------->assertGetText</div>]]>
    </line>
    <line>
      <![CDATA[<div class="test-message">&emsp;Value of Home_Reconciliation Link avilability_validMessage: ------->Reconciliation link present in ribbon memu</div>]]>
    </line>
    <line>
      <![CDATA[<div class="test-event"> <font color="maroon"> <small> &emsp; &emsp;--- 16 Jan 12:35:47 498 - Element is displayed:: [[RemoteWebDriver: chrome on XP (a4facbaaffbd7006af07535ea50c89ee)] -> css selector: #ctl00_RibbonMenu_rptCategory_ctl04_rptSection_ctl02_rptItem_ctl00_A1]</small> </font> </div>]]>
    </line>
    <line>
      <![CDATA[<div class="test-message">&emsp;Reconciliation link present in ribbon memu&emsp;<a href=".\ScreenShot\TC_3044_7729_MMVP-Login_4.png" target="_blank" >[ScreenShot]</a></div>]]>
    </line>
    <line>
      <![CDATA[<div class="test-message">&emsp;<--------------------- Iteration 0 is ended -----------------------></div>]]>
    </line>
    <line>
      <![CDATA[<div class="test-result"><br><font color="green"><strong> Test Passed. </strong></font> </div>&emsp;]]>
    </line>
    <line>
      <![CDATA[&emsp;<div class="test-title"> <strong><font size = "3" color = "#000080">TC_3044_7730_01 [MMVP-Login]</font> </strong> </div>&emsp;<div><strong>Steps:</strong></div><!-- Report -->&emsp;]]>
    </line>
    <line>
      <![CDATA[&emsp;<div class="test-title"> <strong><font size = "3" color = "#000080">To Validate the filter options and fields available on 'Bank Reconciliation'screen header<small><b><i>[chrome_windows]</b></i></small></font> </strong> </div>&emsp;<div><strong>Steps:</strong></div>&emsp;]]>
    </line>
    <line>
      <![CDATA[<div class="test-message">&emsp;<--------------------- Iteration 0 is started -----------------------></div>]]>
    </line>
    <line>
      <![CDATA[<div class="test-event"> <font color="maroon"> <small> &emsp; &emsp;--- 16 Jan 12:35:49 918 - Page URL:: http://vm-hland-qa02/pure.portal/secure/agent/findclient.aspx#</small> </font> </div>]]>
    </line>
    <line>
      <![CDATA[<div class="test-event"> <font color="maroon"> <small> &emsp; &emsp;--- 16 Jan 12:35:49 918 - <b>0</b> - Page Load Wait: (Sync) - com.ssp.utils.WaitUtils.waitForPageLoad(WaitUtils.java:325)</small> </font> </div>]]>
    </line>
    <line>
      <![CDATA[<div class="test-event"> <font color="maroon"> <small> &emsp; &emsp;--- 16 Jan 12:35:50 038 - Page URL:: http://vm-hland-qa02/pure.portal/secure/agent/findclient.aspx#</small> </font> </div>]]>
    </line>
    <line>
      <![CDATA[<div class="test-event"> <font color="maroon"> <small> &emsp; &emsp;--- 16 Jan 12:35:50 038 - <b>0</b> - Page Load Wait: (Sync) - com.ssp.utils.WaitUtils.waitForPageLoad(WaitUtils.java:325)</small> </font> </div>]]>
    </line>
    <line>
      <![CDATA[<div class="test-message">&emsp;Successfully navigated to Client/Policy Search Page&emsp;</div>]]>
    </line>
    <line>
      <![CDATA[<div class="test-message">&emsp;Value of Home_Finance Ribbon Menu_fieldLabel: ------->Finance Ribbon Menu</div>]]>
    </line>
    <line>
      <![CDATA[<div class="test-message">&emsp;Value of Home_Finance Ribbon Menu_id: ------->lnkFinance</div>]]>
    </line>
    <line>
      <![CDATA[<div class="test-message">&emsp;Value of Home_Finance Ribbon Menu_pathType: ------->css</div>]]>
    </line>
    <line>
      <![CDATA[<div class="test-message">&emsp;Value of Home_Finance Ribbon Menu_screenShot: ------->false</div>]]>
    </line>
    <line>
      <![CDATA[<div class="test-message">&emsp;Value of Home_Finance Ribbon Menu_type: ------->Button</div>]]>
    </line>
    <line>
      <![CDATA[<div class="test-event"> <font color="maroon"> <small> &emsp; &emsp;--- 16 Jan 12:35:50 168 - Element is displayed:: [[RemoteWebDriver: chrome on XP (a4facbaaffbd7006af07535ea50c89ee)] -> css selector: #ctl00_RibbonMenu_rptCategory_ctl04_RptCategorySpanText]</small> </font> </div>]]>
    </line>
    <line>
      <![CDATA[<div class="test-event"> <font color="maroon"> <small> &emsp; &emsp;--- 16 Jan 12:35:52 220 - <b>2</b> - Spinner Load Wait: (Sync) - com.ssp.utils.WaitUtils.waitForSpinner(WaitUtils.java:133)</small> </font> </div>]]>
    </line>
    <line>
      <![CDATA[<div class="test-event"> <font color="maroon"> <small> &emsp; &emsp;--- 16 Jan 12:35:54 383 - <b>2</b> - Spinner Load Wait: (Sync) - com.ssp.utils.WaitUtils.waitForSpinner(WaitUtils.java:133)</small> </font> </div>]]>
    </line>
    <line>
      <![CDATA[<div class="test-message">&emsp;Clicked on button Finance Ribbon Menu]]>
    </line>
    <line>
      <![CDATA[<div class="test-message">&emsp;Value of Home_Click Reconciliation Link_fieldLabel: ------->Click Reconciliation Link</div>]]>
    </line>
    <line>
      <![CDATA[<div class="test-message">&emsp;Value of Home_Click Reconciliation Link_id: ------->lnkReconciliation</div>]]>
    </line>
    <line>
      <![CDATA[<div class="test-message">&emsp;Value of Home_Click Reconciliation Link_pathType: ------->css</div>]]>
    </line>
    <line>
      <![CDATA[<div class="test-message">&emsp;Value of Home_Click Reconciliation Link_screenShot: ------->false</div>]]>
    </line>
    <line>
      <![CDATA[<div class="test-message">&emsp;Value of Home_Click Reconciliation Link_type: ------->Button</div>]]>
    </line>
    <line>
      <![CDATA[<div class="test-event"> <font color="maroon"> <small> &emsp; &emsp;--- 16 Jan 12:35:54 534 - Element is displayed:: [[RemoteWebDriver: chrome on XP (a4facbaaffbd7006af07535ea50c89ee)] -> css selector: #ctl00_RibbonMenu_rptCategory_ctl04_rptSection_ctl02_rptItem_ctl00_A1]</small> </font> </div>]]>
    </line>
    <line>
      <![CDATA[<div class="test-event"> <font color="maroon"> <small> &emsp; &emsp;--- 16 Jan 12:35:56 590 - <b>2</b> - Spinner Load Wait: (Sync) - com.ssp.utils.WaitUtils.waitForSpinner(WaitUtils.java:133)</small> </font> </div>]]>
    </line>
    <line>
      <![CDATA[<div class="test-event"> <font color="maroon"> <small> &emsp; &emsp;--- 16 Jan 12:36:01 697 - <b>2</b> - Spinner Load Wait: (Sync) - com.ssp.utils.WaitUtils.waitForSpinner(WaitUtils.java:133)</small> </font> </div>]]>
    </line>
    <line>
      <![CDATA[<div class="test-message">&emsp;Clicked on button Click Reconciliation Link]]>
    </line>
    <line>
      <![CDATA[<div class="test-event"> <font color="maroon"> <small> &emsp; &emsp;--- 16 Jan 12:36:01 830 - Page URL:: http://vm-hland-qa02/pure.portal/secure/bankreconciliation.aspx?postback=ribbonmenu</small> </font> </div>]]>
    </line>
    <line>
      <![CDATA[<div class="test-event"> <font color="maroon"> <small> &emsp; &emsp;--- 16 Jan 12:36:01 834 - <b>0</b> - Page Load Wait: (Sync) - com.ssp.utils.WaitUtils.waitForPageLoad(WaitUtils.java:325)</small> </font> </div>]]>
    </line>
    <line>
      <![CDATA[<div class="test-event"> <font color="maroon"> <small> &emsp; &emsp;--- 16 Jan 12:36:01 917 - Page URL:: http://vm-hland-qa02/pure.portal/secure/bankreconciliation.aspx?postback=ribbonmenu</small> </font> </div>]]>
    </line>
    <line>
      <![CDATA[<div class="test-event"> <font color="maroon"> <small> &emsp; &emsp;--- 16 Jan 12:36:01 918 - <b>0</b> - Page Load Wait: (Sync) - com.ssp.utils.WaitUtils.waitForPageLoad(WaitUtils.java:325)</small> </font> </div>]]>
    </line>
    <line>
      <![CDATA[<div class="test-message">&emsp;Successfully navigated to BankReconciliation Page&emsp;</div>]]>
    </line>
    <line>
      <![CDATA[<div class="test-message">&emsp;Value of BankReconciliation_Bank Reconciliation Screen Fields_errorMessage: ------->All fields are not available on Bank reconciliation screen</div>]]>
    </line>
    <line>
      <![CDATA[<div class="test-message">&emsp;Value of BankReconciliation_Bank Reconciliation Screen Fields_fieldLabel: ------->Bank Reconciliation Screen Fields</div>]]>
    </line>
    <line>
      <![CDATA[<div class="test-message">&emsp;Value of BankReconciliation_Bank Reconciliation Screen Fields_id: ------->allFieldsReconciliation</div>]]>
    </line>
    <line>
      <![CDATA[<div class="test-message">&emsp;Value of BankReconciliation_Bank Reconciliation Screen Fields_pathType: ------->css</div>]]>
    </line>
    <line>
      <![CDATA[<div class="test-message">&emsp;Value of BankReconciliation_Bank Reconciliation Screen Fields_screenShot: ------->false</div>]]>
    </line>
    <line>
      <![CDATA[<div class="test-message">&emsp;Value of BankReconciliation_Bank Reconciliation Screen Fields_type: ------->assertOrderedListTextEquals</div>]]>
    </line>
    <line>
      <![CDATA[<div class="test-message">&emsp;Value of BankReconciliation_Bank Reconciliation Screen Fields_validMessage: ------->All fields are available on Bank reconciliation screen</div>]]>
    </line>
    <line>
      <![CDATA[<div class="test-event"> <font color="maroon"> <small> &emsp; &emsp;--- 16 Jan 12:36:02 036 - Element is displayed:: [[RemoteWebDriver: chrome on XP (a4facbaaffbd7006af07535ea50c89ee)] -> css selector: label[id^='ctl00_cntMainBody_lbl']]</small> </font> </div>]]>
    </line>
    <line>
      <![CDATA[<div class="test-event"> <font color="maroon"> <small> &emsp; &emsp;--- 16 Jan 12:36:02 144 - Element is displayed:: [[RemoteWebDriver: chrome on XP (a4facbaaffbd7006af07535ea50c89ee)] -> css selector: label[id^='ctl00_cntMainBody_lbl']]</small> </font> </div>]]>
    </line>
    <line>
      <![CDATA[<div class="test-event"> <font color="maroon"> <small> &emsp; &emsp;--- 16 Jan 12:36:02 307 - Element is displayed:: [[RemoteWebDriver: chrome on XP (a4facbaaffbd7006af07535ea50c89ee)] -> css selector: label[id^='ctl00_cntMainBody_lbl']]</small> </font> </div>]]>
    </line>
    <line>
      <![CDATA[<div class="test-event"> <font color="maroon"> <small> &emsp; &emsp;--- 16 Jan 12:36:02 522 - Element is displayed:: [[RemoteWebDriver: chrome on XP (a4facbaaffbd7006af07535ea50c89ee)] -> css selector: label[id^='ctl00_cntMainBody_lbl']]</small> </font> </div>]]>
    </line>
    <line>
      <![CDATA[<div class="test-event"> <font color="maroon"> <small> &emsp; &emsp;--- 16 Jan 12:36:02 725 - Element is displayed:: [[RemoteWebDriver: chrome on XP (a4facbaaffbd7006af07535ea50c89ee)] -> css selector: label[id^='ctl00_cntMainBody_lbl']]</small> </font> </div>]]>
    </line>
    <line>
      <![CDATA[<div class="test-event"> <font color="maroon"> <small> &emsp; &emsp;--- 16 Jan 12:36:02 947 - Element is displayed:: [[RemoteWebDriver: chrome on XP (a4facbaaffbd7006af07535ea50c89ee)] -> css selector: label[id^='ctl00_cntMainBody_lbl']]</small> </font> </div>]]>
    </line>
    <line>
      <![CDATA[<div class="test-event"> <font color="maroon"> <small> &emsp; &emsp;--- 16 Jan 12:36:03 167 - Element is displayed:: [[RemoteWebDriver: chrome on XP (a4facbaaffbd7006af07535ea50c89ee)] -> css selector: label[id^='ctl00_cntMainBody_lbl']]</small> </font> </div>]]>
    </line>
    <line>
      <![CDATA[<div class="test-event"> <font color="maroon"> <small> &emsp; &emsp;--- 16 Jan 12:36:03 377 - Element is displayed:: [[RemoteWebDriver: chrome on XP (a4facbaaffbd7006af07535ea50c89ee)] -> css selector: label[id^='ctl00_cntMainBody_lbl']]</small> </font> </div>]]>
    </line>
    <line>
      <![CDATA[<div class="test-message">&emsp;All fields are available on Bank reconciliation screen</div>]]>
    </line>
    <line>
      <![CDATA[<div class="test-message">&emsp;<--------------------- Iteration 0 is ended -----------------------></div>]]>
    </line>
    <line>
      <![CDATA[<div class="test-result"><br><font color="green"><strong> Test Passed. </strong></font> </div>&emsp;]]>
    </line>
    <line>
      <![CDATA[&emsp;<div class="test-title"> <strong><font size = "3" color = "#000080">TC_3044_7730_02 [MMVP-Login]</font> </strong> </div>&emsp;<div><strong>Steps:</strong></div><!-- Report -->&emsp;]]>
    </line>
    <line>
      <![CDATA[&emsp;<div class="test-title"> <strong><font size = "3" color = "#000080">To Validate the Unreconciled,Total Marked,Closing Balance fields and Show Marked Items checkbox are disabled<small><b><i>[chrome_windows]</b></i></small></font> </strong> </div>&emsp;<div><strong>Steps:</strong></div>&emsp;]]>
    </line>
    <line>
      <![CDATA[<div class="test-message">&emsp;<--------------------- Iteration 0 is started -----------------------></div>]]>
    </line>
    <line>
      <![CDATA[<div class="test-event"> <font color="maroon"> <small> &emsp; &emsp;--- 16 Jan 12:36:03 686 - Page URL:: http://vm-hland-qa02/pure.portal/secure/bankreconciliation.aspx?postback=ribbonmenu</small> </font> </div>]]>
    </line>
    <line>
      <![CDATA[<div class="test-event"> <font color="maroon"> <small> &emsp; &emsp;--- 16 Jan 12:36:03 686 - <b>0</b> - Page Load Wait: (Sync) - com.ssp.utils.WaitUtils.waitForPageLoad(WaitUtils.java:325)</small> </font> </div>]]>
    </line>
    <line>
      <![CDATA[<div class="test-event"> <font color="maroon"> <small> &emsp; &emsp;--- 16 Jan 12:36:03 907 - Page URL:: http://vm-hland-qa02/pure.portal/secure/bankreconciliation.aspx?postback=ribbonmenu</small> </font> </div>]]>
    </line>
    <line>
      <![CDATA[<div class="test-event"> <font color="maroon"> <small> &emsp; &emsp;--- 16 Jan 12:36:03 907 - <b>0</b> - Page Load Wait: (Sync) - com.ssp.utils.WaitUtils.waitForPageLoad(WaitUtils.java:325)</small> </font> </div>]]>
    </line>
    <line>
      <![CDATA[<div class="test-message">&emsp;Successfully navigated to BankReconciliation Page&emsp;</div>]]>
    </line>
    <line>
      <![CDATA[<div class="test-message">&emsp;Value of BankReconciliation_Check Unreconciled field is disabled_errorMessage: ------->Unreconciled field is not disabled</div>]]>
    </line>
    <line>
      <![CDATA[<div class="test-message">&emsp;Value of BankReconciliation_Check Unreconciled field is disabled_fieldLabel: ------->Check Unreconciled field is disabled</div>]]>
    </line>
    <line>
      <![CDATA[<div class="test-message">&emsp;Value of BankReconciliation_Check Unreconciled field is disabled_id: ------->fldUnreconciled</div>]]>
    </line>
    <line>
      <![CDATA[<div class="test-message">&emsp;Value of BankReconciliation_Check Unreconciled field is disabled_pathType: ------->css</div>]]>
    </line>
    <line>
      <![CDATA[<div class="test-message">&emsp;Value of BankReconciliation_Check Unreconciled field is disabled_screenShot: ------->false</div>]]>
    </line>
    <line>
      <![CDATA[<div class="test-message">&emsp;Value of BankReconciliation_Check Unreconciled field is disabled_type: ------->assertEnabledNegative</div>]]>
    </line>
    <line>
      <![CDATA[<div class="test-message">&emsp;Value of BankReconciliation_Check Unreconciled field is disabled_validMessage: ------->Unreconciled field is disabled</div>]]>
    </line>
    <line>
      <![CDATA[<div class="test-message">&emsp;Unreconciled field is disabled</div>]]>
    </line>
    <line>
      <![CDATA[<div class="test-message">&emsp;Value of BankReconciliation_Check Total Marked field is disabled_errorMessage: ------->Total Marked field is not disabled</div>]]>
    </line>
    <line>
      <![CDATA[<div class="test-message">&emsp;Value of BankReconciliation_Check Total Marked field is disabled_fieldLabel: ------->Check Total Marked field is disabled</div>]]>
    </line>
    <line>
      <![CDATA[<div class="test-message">&emsp;Value of BankReconciliation_Check Total Marked field is disabled_id: ------->fldTotalMarked</div>]]>
    </line>
    <line>
      <![CDATA[<div class="test-message">&emsp;Value of BankReconciliation_Check Total Marked field is disabled_pathType: ------->css</div>]]>
    </line>
    <line>
      <![CDATA[<div class="test-message">&emsp;Value of BankReconciliation_Check Total Marked field is disabled_screenShot: ------->false</div>]]>
    </line>
    <line>
      <![CDATA[<div class="test-message">&emsp;Value of BankReconciliation_Check Total Marked field is disabled_type: ------->assertEnabledNegative</div>]]>
    </line>
    <line>
      <![CDATA[<div class="test-message">&emsp;Value of BankReconciliation_Check Total Marked field is disabled_validMessage: ------->Total Marked field is disabled</div>]]>
    </line>
    <line>
      <![CDATA[<div class="test-message">&emsp;Total Marked field is disabled</div>]]>
    </line>
    <line>
      <![CDATA[<div class="test-message">&emsp;Value of BankReconciliation_Check Closing Balance field is disabled_errorMessage: ------->Closing Balance field is not disabled</div>]]>
    </line>
    <line>
      <![CDATA[<div class="test-message">&emsp;Value of BankReconciliation_Check Closing Balance field is disabled_fieldLabel: ------->Check Closing Balance field is disabled</div>]]>
    </line>
    <line>
      <![CDATA[<div class="test-message">&emsp;Value of BankReconciliation_Check Closing Balance field is disabled_id: ------->fldClosingBalance</div>]]>
    </line>
    <line>
      <![CDATA[<div class="test-message">&emsp;Value of BankReconciliation_Check Closing Balance field is disabled_pathType: ------->css</div>]]>
    </line>
    <line>
      <![CDATA[<div class="test-message">&emsp;Value of BankReconciliation_Check Closing Balance field is disabled_screenShot: ------->false</div>]]>
    </line>
    <line>
      <![CDATA[<div class="test-message">&emsp;Value of BankReconciliation_Check Closing Balance field is disabled_type: ------->assertEnabledNegative</div>]]>
    </line>
    <line>
      <![CDATA[<div class="test-message">&emsp;Value of BankReconciliation_Check Closing Balance field is disabled_validMessage: ------->Closing Balance field is disabled</div>]]>
    </line>
    <line>
      <![CDATA[<div class="test-message">&emsp;Closing Balance field is disabled</div>]]>
    </line>
    <line>
      <![CDATA[<div class="test-message">&emsp;Value of BankReconciliation_Check Opening Balance field is disabled_errorMessage: ------->Opening Balance field is not disabled</div>]]>
    </line>
    <line>
      <![CDATA[<div class="test-message">&emsp;Value of BankReconciliation_Check Opening Balance field is disabled_fieldLabel: ------->Check Opening Balance field is disabled</div>]]>
    </line>
    <line>
      <![CDATA[<div class="test-message">&emsp;Value of BankReconciliation_Check Opening Balance field is disabled_id: ------->fldOpeningBalance</div>]]>
    </line>
    <line>
      <![CDATA[<div class="test-message">&emsp;Value of BankReconciliation_Check Opening Balance field is disabled_pathType: ------->css</div>]]>
    </line>
    <line>
      <![CDATA[<div class="test-message">&emsp;Value of BankReconciliation_Check Opening Balance field is disabled_screenShot: ------->false</div>]]>
    </line>
    <line>
      <![CDATA[<div class="test-message">&emsp;Value of BankReconciliation_Check Opening Balance field is disabled_type: ------->assertEnabledNegative</div>]]>
    </line>
    <line>
      <![CDATA[<div class="test-message">&emsp;Value of BankReconciliation_Check Opening Balance field is disabled_validMessage: ------->Opening Balance field is disabled</div>]]>
    </line>
    <line>
      <![CDATA[<div class="test-message">&emsp;Opening Balance field is disabled</div>]]>
    </line>
    <line>
      <![CDATA[<div class="test-message">&emsp;Value of BankReconciliation_Check Show Marked Items checkbox is disabled_errorMessage: ------->Show Marked Items checkbox is not disabled</div>]]>
    </line>
    <line>
      <![CDATA[<div class="test-message">&emsp;Value of BankReconciliation_Check Show Marked Items checkbox is disabled_fieldLabel: ------->Check Show Marked Items checkbox is disabled</div>]]>
    </line>
    <line>
      <![CDATA[<div class="test-message">&emsp;Value of BankReconciliation_Check Show Marked Items checkbox is disabled_id: ------->chkShowMarkedItems</div>]]>
    </line>
    <line>
      <![CDATA[<div class="test-message">&emsp;Value of BankReconciliation_Check Show Marked Items checkbox is disabled_pathType: ------->css</div>]]>
    </line>
    <line>
      <![CDATA[<div class="test-message">&emsp;Value of BankReconciliation_Check Show Marked Items checkbox is disabled_screenShot: ------->false</div>]]>
    </line>
    <line>
      <![CDATA[<div class="test-message">&emsp;Value of BankReconciliation_Check Show Marked Items checkbox is disabled_type: ------->assertEnabledNegative</div>]]>
    </line>
    <line>
      <![CDATA[<div class="test-message">&emsp;Value of BankReconciliation_Check Show Marked Items checkbox is disabled_validMessage: ------->Show Marked Items checkbox is disabled</div>]]>
    </line>
    <line>
      <![CDATA[<div class="test-message">&emsp;Show Marked Items checkbox is disabled</div>]]>
    </line>
    <line>
      <![CDATA[<div class="test-message">&emsp;<--------------------- Iteration 0 is ended -----------------------></div>]]>
    </line>
    <line>
      <![CDATA[<div class="test-result"><br><font color="green"><strong> Test Passed. </strong></font> </div>&emsp;]]>
    </line>
    <line>
      <![CDATA[&emsp;<div class="test-title"> <strong><font size = "3" color = "#000080">TC_3044_7731 [MMVP-Login]</font> </strong> </div>&emsp;<div><strong>Steps:</strong></div><!-- Report -->&emsp;]]>
    </line>
    <line>
      <![CDATA[&emsp;<div class="test-title"> <strong><font size = "3" color = "#000080">To Validate the columns available on bank reconciliation screen<small><b><i>[chrome_windows]</b></i></small></font> </strong> </div>&emsp;<div><strong>Steps:</strong></div>&emsp;]]>
    </line>
    <line>
      <![CDATA[<div class="test-message">&emsp;<--------------------- Iteration 0 is started -----------------------></div>]]>
    </line>
    <line>
      <![CDATA[<div class="test-event"> <font color="maroon"> <small> &emsp; &emsp;--- 16 Jan 12:36:17 752 - Page URL:: https://vm-hland-qa02/purests/account/signin?returnurl=%2fpurests%2fissue%2fwsfed%3fwa%3dwsignin1.0%26wtrealm%3dhttp%253a%252f%252fvm-hland-qa02%252fpure.portal%252flogin.aspx%26wctx%3drm%253d0%2526id%253dpassive%2526ru%253d%25252fpure.portal%25252flogin.aspx%26wct%3d2019-01-16t07%253a06%253a09z&wa=wsignin1.0&wtrealm=http%3a%2f%2fvm-hland-qa02%2fpure.portal%2flogin.aspx&wctx=rm%3d0%26id%3dpassive%26ru%3d%252fpure.portal%252flogin.aspx&wct=2019-01-16t07%3a06%3a09z</small> </font> </div>]]>
    </line>
    <line>
      <![CDATA[<div class="test-event"> <font color="maroon"> <small> &emsp; &emsp;--- 16 Jan 12:36:17 753 - <b>0</b> - Page Load Wait: (Sync) - com.ssp.utils.WaitUtils.waitForPageLoad(WaitUtils.java:325)</small> </font> </div>]]>
    </line>
    <line>
      <![CDATA[<div class="test-event"> <font color="maroon"> <small> &emsp; &emsp;--- 16 Jan 12:36:17 834 - Page URL:: https://vm-hland-qa02/purests/account/signin?returnurl=%2fpurests%2fissue%2fwsfed%3fwa%3dwsignin1.0%26wtrealm%3dhttp%253a%252f%252fvm-hland-qa02%252fpure.portal%252flogin.aspx%26wctx%3drm%253d0%2526id%253dpassive%2526ru%253d%25252fpure.portal%25252flogin.aspx%26wct%3d2019-01-16t07%253a06%253a09z&wa=wsignin1.0&wtrealm=http%3a%2f%2fvm-hland-qa02%2fpure.portal%2flogin.aspx&wctx=rm%3d0%26id%3dpassive%26ru%3d%252fpure.portal%252flogin.aspx&wct=2019-01-16t07%3a06%3a09z</small> </font> </div>]]>
    </line>
    <line>
      <![CDATA[<div class="test-event"> <font color="maroon"> <small> &emsp; &emsp;--- 16 Jan 12:36:17 835 - <b>0</b> - Page Load Wait: (Sync) - com.ssp.utils.WaitUtils.waitForPageLoad(WaitUtils.java:325)</small> </font> </div>]]>
    </line>
    <line>
      <![CDATA[<div class="test-message">&emsp;Navigated to Login page&emsp;<a href=".\ScreenShot\TC_3044_7731_MMVP-Login_5.png" target="_blank" >[ScreenShot]</a></div>]]>
    </line>
    <line>
      <![CDATA[<div class="test-message">&emsp;Value of LoginScreen_Username_fieldLabel: ------->Username</div>]]>
    </line>
    <line>
      <![CDATA[<div class="test-message">&emsp;Value of LoginScreen_Username_id: ------->fldUserName</div>]]>
    </line>
    <line>
      <![CDATA[<div class="test-message">&emsp;Value of LoginScreen_Username_inputType: ------->alphanumeric</div>]]>
    </line>
    <line>
      <![CDATA[<div class="test-message">&emsp;Value of LoginScreen_Username_length: ------->10</div>]]>
    </line>
    <line>
      <![CDATA[<div class="test-message">&emsp;Value of LoginScreen_Username_pathType: ------->css</div>]]>
    </line>
    <line>
      <![CDATA[<div class="test-message">&emsp;Value of LoginScreen_Username_screenShot: ------->false</div>]]>
    </line>
    <line>
      <![CDATA[<div class="test-message">&emsp;Value of LoginScreen_Username_type: ------->textfield</div>]]>
    </line>
    <line>
      <![CDATA[<div class="test-event"> <font color="maroon"> <small> &emsp; &emsp;--- 16 Jan 12:36:18 493 - Element is displayed:: [[RemoteWebDriver: chrome on XP (5c0ab516d69f854bb31cc52efea8e675)] -> css selector: input[id='UserName']]</small> </font> </div>]]>
    </line>
    <line>
      <![CDATA[<div class="test-message">&emsp;Entered text inside Username : sirius]]>
    </line>
    <line>
      <![CDATA[<div class="test-message">&emsp;Value of LoginScreen_Password_fieldLabel: ------->Password</div>]]>
    </line>
    <line>
      <![CDATA[<div class="test-message">&emsp;Value of LoginScreen_Password_id: ------->fldPassword</div>]]>
    </line>
    <line>
      <![CDATA[<div class="test-message">&emsp;Value of LoginScreen_Password_inputType: ------->alphanumeric</div>]]>
    </line>
    <line>
      <![CDATA[<div class="test-message">&emsp;Value of LoginScreen_Password_length: ------->10</div>]]>
    </line>
    <line>
      <![CDATA[<div class="test-message">&emsp;Value of LoginScreen_Password_pathType: ------->css</div>]]>
    </line>
    <line>
      <![CDATA[<div class="test-message">&emsp;Value of LoginScreen_Password_screenShot: ------->true</div>]]>
    </line>
    <line>
      <![CDATA[<div class="test-message">&emsp;Value of LoginScreen_Password_type: ------->textfield</div>]]>
    </line>
    <line>
      <![CDATA[<div class="test-event"> <font color="maroon"> <small> &emsp; &emsp;--- 16 Jan 12:36:18 721 - Element is displayed:: [[RemoteWebDriver: chrome on XP (5c0ab516d69f854bb31cc52efea8e675)] -> css selector: input#usrpwd]</small> </font> </div>]]>
    </line>
    <line>
      <![CDATA[<div class="test-message">&emsp;Entered text inside Password : sirius&emsp;<a href=".\ScreenShot\TC_3044_7731_MMVP-Login_6.png" target="_blank" >[ScreenShot]</a></div>]]>
    </line>
    <line>
      <![CDATA[<div class="test-message">&emsp;Value of LoginScreen_SignIn_fieldLabel: ------->SignIn</div>]]>
    </line>
    <line>
      <![CDATA[<div class="test-message">&emsp;Value of LoginScreen_SignIn_id: ------->btnSignIn</div>]]>
    </line>
    <line>
      <![CDATA[<div class="test-message">&emsp;Value of LoginScreen_SignIn_pathType: ------->css</div>]]>
    </line>
    <line>
      <![CDATA[<div class="test-message">&emsp;Value of LoginScreen_SignIn_screenShot: ------->false</div>]]>
    </line>
    <line>
      <![CDATA[<div class="test-message">&emsp;Value of LoginScreen_SignIn_type: ------->buttonJS</div>]]>
    </line>
    <line>
      <![CDATA[<div class="test-event"> <font color="maroon"> <small> &emsp; &emsp;--- 16 Jan 12:36:19 416 - Element is displayed:: [[RemoteWebDriver: chrome on XP (5c0ab516d69f854bb31cc52efea8e675)] -> css selector: [value='Sign In']]</small> </font> </div>]]>
    </line>
    <line>
      <![CDATA[<div class="test-message">&emsp;Click button is performed for SignIn]]>
    </line>
    <line>
      <![CDATA[<div class="test-event"> <font color="maroon"> <small> &emsp; &emsp;--- 16 Jan 12:36:27 349 - Page URL:: http://vm-hland-qa02/pure.portal/secure/agent/findclient.aspx</small> </font> </div>]]>
    </line>
    <line>
      <![CDATA[<div class="test-event"> <font color="maroon"> <small> &emsp; &emsp;--- 16 Jan 12:36:27 350 - <b>0</b> - Page Load Wait: (Sync) - com.ssp.utils.WaitUtils.waitForPageLoad(WaitUtils.java:325)</small> </font> </div>]]>
    </line>
    <line>
      <![CDATA[<div class="test-event"> <font color="maroon"> <small> &emsp; &emsp;--- 16 Jan 12:36:27 433 - Page URL:: http://vm-hland-qa02/pure.portal/secure/agent/findclient.aspx</small> </font> </div>]]>
    </line>
    <line>
      <![CDATA[<div class="test-event"> <font color="maroon"> <small> &emsp; &emsp;--- 16 Jan 12:36:27 433 - <b>0</b> - Page Load Wait: (Sync) - com.ssp.utils.WaitUtils.waitForPageLoad(WaitUtils.java:325)</small> </font> </div>]]>
    </line>
    <line>
      <![CDATA[<div class="test-result"><br><font color="green"><strong> Navigated to search page </strong></font> </div>&emsp;]]>
    </line>
    <line>
      <![CDATA[<div class="test-result"><br><font color="green"><strong> Navigated to search page&emsp;<a href=".\ScreenShot\TC_3044_7731_MMVP-Login_7.png" target="_blank" >[ScreenShot]</a> </strong></font> </div>&emsp;]]>
    </line>
    <line>
      <![CDATA[<div class="test-message">&emsp;Value of FindClient_Client Code_fieldLabel: ------->Client Code</div>]]>
    </line>
    <line>
      <![CDATA[<div class="test-message">&emsp;Value of FindClient_Client Code_id: ------->fldClientCode</div>]]>
    </line>
    <line>
      <![CDATA[<div class="test-message">&emsp;Value of FindClient_Client Code_pathType: ------->css</div>]]>
    </line>
    <line>
      <![CDATA[<div class="test-message">&emsp;Value of FindClient_Client Code_screenShot: ------->false</div>]]>
    </line>
    <line>
      <![CDATA[<div class="test-message">&emsp;Value of FindClient_Client Code_type: ------->textfield</div>]]>
    </line>
    <line>
      <![CDATA[<div class="test-event"> <font color="maroon"> <small> &emsp; &emsp;--- 16 Jan 12:36:28 635 - Element is displayed:: [[RemoteWebDriver: chrome on XP (5c0ab516d69f854bb31cc52efea8e675)] -> css selector: #ctl00_cntMainBody_txtClientCode]</small> </font> </div>]]>
    </line>
    <line>
      <![CDATA[<div class="test-message">&emsp;Entered text inside Client Code : ssptest]]>
    </line>
    <line>
      <![CDATA[<div class="test-message">&emsp;Value of FindClient_Find Button_fieldLabel: ------->Find Button</div>]]>
    </line>
    <line>
      <![CDATA[<div class="test-message">&emsp;Value of FindClient_Find Button_id: ------->btnFind</div>]]>
    </line>
    <line>
      <![CDATA[<div class="test-message">&emsp;Value of FindClient_Find Button_pathType: ------->css</div>]]>
    </line>
    <line>
      <![CDATA[<div class="test-message">&emsp;Value of FindClient_Find Button_screenShot: ------->false</div>]]>
    </line>
    <line>
      <![CDATA[<div class="test-message">&emsp;Value of FindClient_Find Button_type: ------->Button</div>]]>
    </line>
    <line>
      <![CDATA[<div class="test-event"> <font color="maroon"> <small> &emsp; &emsp;--- 16 Jan 12:36:29 112 - Element is displayed:: [[RemoteWebDriver: chrome on XP (5c0ab516d69f854bb31cc52efea8e675)] -> css selector: a#ctl00_cntMainBody_btnSearch]</small> </font> </div>]]>
    </line>
    <line>
      <![CDATA[<div class="test-event"> <font color="maroon"> <small> &emsp; &emsp;--- 16 Jan 12:36:31 169 - <b>2</b> - Spinner Load Wait: (Sync) - com.ssp.utils.WaitUtils.waitForSpinner(WaitUtils.java:133)</small> </font> </div>]]>
    </line>
    <line>
      <![CDATA[<div class="test-event"> <font color="maroon"> <small> &emsp; &emsp;--- 16 Jan 12:36:35 807 - <b>2</b> - Spinner Load Wait: (Sync) - com.ssp.utils.WaitUtils.waitForSpinner(WaitUtils.java:133)</small> </font> </div>]]>
    </line>
    <line>
      <![CDATA[<div class="test-message">&emsp;Clicked on button Find Button]]>
    </line>
    <line>
      <![CDATA[<div class="test-message">&emsp;Value of FindClient_Select Button_fieldLabel: ------->Select Button</div>]]>
    </line>
    <line>
      <![CDATA[<div class="test-message">&emsp;Value of FindClient_Select Button_id: ------->btnselectClientInSearch</div>]]>
    </line>
    <line>
      <![CDATA[<div class="test-message">&emsp;Value of FindClient_Select Button_pathType: ------->css</div>]]>
    </line>
    <line>
      <![CDATA[<div class="test-message">&emsp;Value of FindClient_Select Button_screenShot: ------->false</div>]]>
    </line>
    <line>
      <![CDATA[<div class="test-message">&emsp;Value of FindClient_Select Button_type: ------->Button</div>]]>
    </line>
    <line>
      <![CDATA[<div class="test-event"> <font color="maroon"> <small> &emsp; &emsp;--- 16 Jan 12:36:36 031 - Element is displayed:: [[RemoteWebDriver: chrome on XP (5c0ab516d69f854bb31cc52efea8e675)] -> css selector: [class*='AspNet-GridView-'] td ol li a]</small> </font> </div>]]>
    </line>
    <line>
      <![CDATA[<div class="test-event"> <font color="maroon"> <small> &emsp; &emsp;--- 16 Jan 12:36:38 071 - <b>2</b> - Spinner Load Wait: (Sync) - com.ssp.utils.WaitUtils.waitForSpinner(WaitUtils.java:133)</small> </font> </div>]]>
    </line>
    <line>
      <![CDATA[<div class="test-event"> <font color="maroon"> <small> &emsp; &emsp;--- 16 Jan 12:36:47 189 - <b>2</b> - Spinner Load Wait: (Sync) - com.ssp.utils.WaitUtils.waitForSpinner(WaitUtils.java:133)</small> </font> </div>]]>
    </line>
    <line>
      <![CDATA[<div class="test-message">&emsp;Clicked on button Select Button]]>
    </line>
    <line>
      <![CDATA[<div class="test-event"> <font color="maroon"> <small> &emsp; &emsp;--- 16 Jan 12:36:48 213 - Page URL:: http://vm-hland-qa02/pure.portal/secure/agent/corporateclientdetails.aspx?partykey=19&code=ssptest</small> </font> </div>]]>
    </line>
    <line>
      <![CDATA[<div class="test-event"> <font color="maroon"> <small> &emsp; &emsp;--- 16 Jan 12:36:48 323 - <b>1</b> - Page Load Wait: (Sync) - com.ssp.utils.WaitUtils.waitForPageLoad(WaitUtils.java:325)</small> </font> </div>]]>
    </line>
    <line>
      <![CDATA[<div class="test-event"> <font color="maroon"> <small> &emsp; &emsp;--- 16 Jan 12:36:49 060 - Page URL:: http://vm-hland-qa02/pure.portal/secure/agent/corporateclientdetails.aspx?partykey=19&code=ssptest</small> </font> </div>]]>
    </line>
    <line>
      <![CDATA[<div class="test-event"> <font color="maroon"> <small> &emsp; &emsp;--- 16 Jan 12:36:49 060 - <b>0</b> - Page Load Wait: (Sync) - com.ssp.utils.WaitUtils.waitForPageLoad(WaitUtils.java:325)</small> </font> </div>]]>
    </line>
    <line>
      <![CDATA[<div class="test-message">&emsp;Successfully navigated to Corporate client Page&emsp;</div>]]>
    </line>
    <line>
      <![CDATA[<div class="test-message">&emsp;Value of CorporateClient_Click Collection button_fieldLabel: ------->Click Collection button</div>]]>
    </line>
    <line>
      <![CDATA[<div class="test-message">&emsp;Value of CorporateClient_Click Collection button_id: ------->btnCollection</div>]]>
    </line>
    <line>
      <![CDATA[<div class="test-message">&emsp;Value of CorporateClient_Click Collection button_pathType: ------->css</div>]]>
    </line>
    <line>
      <![CDATA[<div class="test-message">&emsp;Value of CorporateClient_Click Collection button_screenShot: ------->false</div>]]>
    </line>
    <line>
      <![CDATA[<div class="test-message">&emsp;Value of CorporateClient_Click Collection button_type: ------->Button</div>]]>
    </line>
    <line>
      <![CDATA[<div class="test-event"> <font color="maroon"> <small> &emsp; &emsp;--- 16 Jan 12:36:49 208 - Element is displayed:: [[RemoteWebDriver: chrome on XP (5c0ab516d69f854bb31cc52efea8e675)] -> css selector: #ctl00_cntMainBody_btnCollection]</small> </font> </div>]]>
    </line>
    <line>
      <![CDATA[<div class="test-event"> <font color="maroon"> <small> &emsp; &emsp;--- 16 Jan 12:36:51 248 - <b>2</b> - Spinner Load Wait: (Sync) - com.ssp.utils.WaitUtils.waitForSpinner(WaitUtils.java:133)</small> </font> </div>]]>
    </line>
    <line>
      <![CDATA[<div class="test-event"> <font color="maroon"> <small> &emsp; &emsp;--- 16 Jan 12:36:57 994 - <b>2</b> - Spinner Load Wait: (Sync) - com.ssp.utils.WaitUtils.waitForSpinner(WaitUtils.java:133)</small> </font> </div>]]>
    </line>
    <line>
      <![CDATA[<div class="test-message">&emsp;Clicked on button Click Collection button]]>
    </line>
    <line>
      <![CDATA[<div class="test-event"> <font color="maroon"> <small> &emsp; &emsp;--- 16 Jan 12:36:58 225 - Page URL:: http://vm-hland-qa02/pure.portal/secure/payment/collectionitem.aspx?accountcode=ssptest&redirectto=corporate&mode=cr</small> </font> </div>]]>
    </line>
    <line>
      <![CDATA[<div class="test-event"> <font color="maroon"> <small> &emsp; &emsp;--- 16 Jan 12:36:58 225 - <b>0</b> - Page Load Wait: (Sync) - com.ssp.utils.WaitUtils.waitForPageLoad(WaitUtils.java:325)</small> </font> </div>]]>
    </line>
    <line>
      <![CDATA[<div class="test-event"> <font color="maroon"> <small> &emsp; &emsp;--- 16 Jan 12:36:58 405 - Page URL:: http://vm-hland-qa02/pure.portal/secure/payment/collectionitem.aspx?accountcode=ssptest&redirectto=corporate&mode=cr</small> </font> </div>]]>
    </line>
    <line>
      <![CDATA[<div class="test-event"> <font color="maroon"> <small> &emsp; &emsp;--- 16 Jan 12:36:58 405 - <b>0</b> - Page Load Wait: (Sync) - com.ssp.utils.WaitUtils.waitForPageLoad(WaitUtils.java:325)</small> </font> </div>]]>
    </line>
    <line>
      <![CDATA[<div class="test-message">&emsp;Successfully navigated to CollectionDetails Page&emsp;</div>]]>
    </line>
    <line>
      <![CDATA[<div class="test-message">&emsp;Value of CollectionDetails_Select value from dropdown_fieldLabel: ------->Select value from dropdown</div>]]>
    </line>
    <line>
      <![CDATA[<div class="test-message">&emsp;Value of CollectionDetails_Select value from dropdown_id: ------->drpMediaType</div>]]>
    </line>
    <line>
      <![CDATA[<div class="test-message">&emsp;Value of CollectionDetails_Select value from dropdown_pathType: ------->css</div>]]>
    </line>
    <line>
      <![CDATA[<div class="test-message">&emsp;Value of CollectionDetails_Select value from dropdown_screenShot: ------->false</div>]]>
    </line>
    <line>
      <![CDATA[<div class="test-message">&emsp;Value of CollectionDetails_Select value from dropdown_type: ------->select</div>]]>
    </line>
    <line>
      <![CDATA[<div class="test-event"> <font color="maroon"> <small> &emsp; &emsp;--- 16 Jan 12:36:58 685 - Element is displayed:: [[RemoteWebDriver: chrome on XP (5c0ab516d69f854bb31cc52efea8e675)] -> css selector: #ctl00_cntMainBody_PayNow_CollectionItem_GISLookup_MediaType]</small> </font> </div>]]>
    </line>
    <line>
      <![CDATA[<div class="test-message">&emsp;selected the dropdown Select value from dropdown option : Cheque]]>
    </line>
    <line>
      <![CDATA[<div class="test-message">&emsp;Value of CollectionDetails_tabout from Media type field_fieldLabel: ------->tabout from Media type field</div>]]>
    </line>
    <line>
      <![CDATA[<div class="test-message">&emsp;Value of CollectionDetails_tabout from Media type field_id: ------->drpMediaType</div>]]>
    </line>
    <line>
      <![CDATA[<div class="test-message">&emsp;Value of CollectionDetails_tabout from Media type field_pathType: ------->css</div>]]>
    </line>
    <line>
      <![CDATA[<div class="test-message">&emsp;Value of CollectionDetails_tabout from Media type field_screenShot: ------->false</div>]]>
    </line>
    <line>
      <![CDATA[<div class="test-message">&emsp;Value of CollectionDetails_tabout from Media type field_type: ------->tabOut</div>]]>
    </line>
    <line>
      <![CDATA[<div class="test-message">&emsp;Value of CollectionDetails__fieldLabel: -------></div>]]>
    </line>
    <line>
      <![CDATA[<div class="test-message">&emsp;Value of CollectionDetails__id: -------></div>]]>
    </line>
    <line>
      <![CDATA[<div class="test-message">&emsp;Value of CollectionDetails__pathType: -------></div>]]>
    </line>
    <line>
      <![CDATA[<div class="test-message">&emsp;Value of CollectionDetails__screenShot: ------->false</div>]]>
    </line>
    <line>
      <![CDATA[<div class="test-message">&emsp;Value of CollectionDetails__type: ------->selectSpinner</div>]]>
    </line>
    <line>
      <![CDATA[<div class="test-event"> <font color="maroon"> <small> &emsp; &emsp;--- 16 Jan 12:37:03 726 - <b>2</b> - Spinner Load Wait: (Sync) - com.ssp.utils.WaitUtils.waitForSpinner(WaitUtils.java:133)</small> </font> </div>]]>
    </line>
    <line>
      <![CDATA[<div class="test-message">&emsp;Value of CollectionDetails_Enter value in Media Reference field_fieldLabel: ------->Enter value in Media Reference field</div>]]>
    </line>
    <line>
      <![CDATA[<div class="test-message">&emsp;Value of CollectionDetails_Enter value in Media Reference field_id: ------->fldMediaReference</div>]]>
    </line>
    <line>
      <![CDATA[<div class="test-message">&emsp;Value of CollectionDetails_Enter value in Media Reference field_pathType: ------->css</div>]]>
    </line>
    <line>
      <![CDATA[<div class="test-message">&emsp;Value of CollectionDetails_Enter value in Media Reference field_screenShot: ------->false</div>]]>
    </line>
    <line>
      <![CDATA[<div class="test-message">&emsp;Value of CollectionDetails_Enter value in Media Reference field_type: ------->textfield</div>]]>
    </line>
    <line>
      <![CDATA[<div class="test-event"> <font color="maroon"> <small> &emsp; &emsp;--- 16 Jan 12:37:03 940 - Element is displayed:: [[RemoteWebDriver: chrome on XP (5c0ab516d69f854bb31cc52efea8e675)] -> css selector: #ctl00_cntMainBody_PayNow_CollectionItem_txtMediaReference]</small> </font> </div>]]>
    </line>
    <line>
      <![CDATA[<div class="test-message">&emsp;Entered text inside Enter value in Media Reference field : Media Reference value]]>
    </line>
    <line>
      <![CDATA[<div class="test-message">&emsp;Value of CollectionDetails_Enter future date_fieldLabel: ------->Enter future date</div>]]>
    </line>
    <line>
      <![CDATA[<div class="test-message">&emsp;Value of CollectionDetails_Enter future date_id: ------->fldTransactionDate</div>]]>
    </line>
    <line>
      <![CDATA[<div class="test-message">&emsp;Value of CollectionDetails_Enter future date_pathType: ------->css</div>]]>
    </line>
    <line>
      <![CDATA[<div class="test-message">&emsp;Value of CollectionDetails_Enter future date_screenShot: ------->false</div>]]>
    </line>
    <line>
      <![CDATA[<div class="test-message">&emsp;Value of CollectionDetails_Enter future date_type: ------->textfield</div>]]>
    </line>
    <line>
      <![CDATA[<div class="test-event"> <font color="maroon"> <small> &emsp; &emsp;--- 16 Jan 12:37:04 424 - Element is displayed:: [[RemoteWebDriver: chrome on XP (5c0ab516d69f854bb31cc52efea8e675)] -> css selector: #ctl00_cntMainBody_PayNow_CollectionItem_Cash_List_Item__Transaction_Date]</small> </font> </div>]]>
    </line>
    <line>
      <![CDATA[<div class="test-message">&emsp;Entered text inside Enter future date : 25/12/2020]]>
    </line>
    <line>
      <![CDATA[<div class="test-message">&emsp;Value of CollectionDetails_Select Bank from dropdown_fieldLabel: ------->Select Bank from dropdown</div>]]>
    </line>
    <line>
      <![CDATA[<div class="test-message">&emsp;Value of CollectionDetails_Select Bank from dropdown_id: ------->drpBank</div>]]>
    </line>
    <line>
      <![CDATA[<div class="test-message">&emsp;Value of CollectionDetails_Select Bank from dropdown_pathType: ------->css</div>]]>
    </line>
    <line>
      <![CDATA[<div class="test-message">&emsp;Value of CollectionDetails_Select Bank from dropdown_screenShot: ------->false</div>]]>
    </line>
    <line>
      <![CDATA[<div class="test-message">&emsp;Value of CollectionDetails_Select Bank from dropdown_type: ------->select</div>]]>
    </line>
    <line>
      <![CDATA[<div class="test-event"> <font color="maroon"> <small> &emsp; &emsp;--- 16 Jan 12:37:04 974 - Element is displayed:: [[RemoteWebDriver: chrome on XP (5c0ab516d69f854bb31cc52efea8e675)] -> css selector: #ctl00_cntMainBody_PayNow_CollectionItem_CollectionItem_BankAccount]</small> </font> </div>]]>
    </line>
    <line>
      <![CDATA[<div class="test-message">&emsp;selected the dropdown Select Bank from dropdown option : Client Bank Account]]>
    </line>
    <line>
      <![CDATA[<div class="test-message">&emsp;Value of CollectionDetails_Enter value in Amount field_fieldLabel: ------->Enter value in Amount field</div>]]>
    </line>
    <line>
      <![CDATA[<div class="test-message">&emsp;Value of CollectionDetails_Enter value in Amount field_id: ------->fldAmount</div>]]>
    </line>
    <line>
      <![CDATA[<div class="test-message">&emsp;Value of CollectionDetails_Enter value in Amount field_pathType: ------->css</div>]]>
    </line>
    <line>
      <![CDATA[<div class="test-message">&emsp;Value of CollectionDetails_Enter value in Amount field_screenShot: ------->false</div>]]>
    </line>
    <line>
      <![CDATA[<div class="test-message">&emsp;Value of CollectionDetails_Enter value in Amount field_type: ------->textfield</div>]]>
    </line>
    <line>
      <![CDATA[<div class="test-event"> <font color="maroon"> <small> &emsp; &emsp;--- 16 Jan 12:37:05 348 - Element is displayed:: [[RemoteWebDriver: chrome on XP (5c0ab516d69f854bb31cc52efea8e675)] -> css selector: #ctl00_cntMainBody_PayNow_CollectionItem_txtAmount]</small> </font> </div>]]>
    </line>
    <line>
      <![CDATA[<div class="test-message">&emsp;Entered text inside Enter value in Amount field : 1000]]>
    </line>
    <line>
      <![CDATA[<div class="test-message">&emsp;Value of CollectionDetails__fieldLabel: -------></div>]]>
    </line>
    <line>
      <![CDATA[<div class="test-message">&emsp;Value of CollectionDetails__id: -------></div>]]>
    </line>
    <line>
      <![CDATA[<div class="test-message">&emsp;Value of CollectionDetails__pathType: -------></div>]]>
    </line>
    <line>
      <![CDATA[<div class="test-message">&emsp;Value of CollectionDetails__screenShot: ------->false</div>]]>
    </line>
    <line>
      <![CDATA[<div class="test-message">&emsp;Value of CollectionDetails__type: ------->selectSpinner</div>]]>
    </line>
    <line>
      <![CDATA[<div class="test-event"> <font color="maroon"> <small> &emsp; &emsp;--- 16 Jan 12:37:07 514 - <b>2</b> - Spinner Load Wait: (Sync) - com.ssp.utils.WaitUtils.waitForSpinner(WaitUtils.java:133)</small> </font> </div>]]>
    </line>
    <line>
      <![CDATA[<div class="test-message">&emsp;Value of CollectionDetails_Click OK button_fieldLabel: ------->Click OK button</div>]]>
    </line>
    <line>
      <![CDATA[<div class="test-message">&emsp;Value of CollectionDetails_Click OK button_id: ------->btnOk</div>]]>
    </line>
    <line>
      <![CDATA[<div class="test-message">&emsp;Value of CollectionDetails_Click OK button_pathType: ------->css</div>]]>
    </line>
    <line>
      <![CDATA[<div class="test-message">&emsp;Value of CollectionDetails_Click OK button_screenShot: ------->false</div>]]>
    </line>
    <line>
      <![CDATA[<div class="test-message">&emsp;Value of CollectionDetails_Click OK button_type: ------->Button</div>]]>
    </line>
    <line>
      <![CDATA[<div class="test-event"> <font color="maroon"> <small> &emsp; &emsp;--- 16 Jan 12:37:07 721 - Element is displayed:: [[RemoteWebDriver: chrome on XP (5c0ab516d69f854bb31cc52efea8e675)] -> css selector: #ctl00_cntMainBody_PayNow_CollectionItem_btnOk]</small> </font> </div>]]>
    </line>
    <line>
      <![CDATA[<div class="test-event"> <font color="maroon"> <small> &emsp; &emsp;--- 16 Jan 12:37:09 766 - <b>2</b> - Spinner Load Wait: (Sync) - com.ssp.utils.WaitUtils.waitForSpinner(WaitUtils.java:133)</small> </font> </div>]]>
    </line>
    <line>
      <![CDATA[<div class="test-event"> <font color="maroon"> <small> &emsp; &emsp;--- 16 Jan 12:37:16 869 - <b>2</b> - Spinner Load Wait: (Sync) - com.ssp.utils.WaitUtils.waitForSpinner(WaitUtils.java:133)</small> </font> </div>]]>
    </line>
    <line>
      <![CDATA[<div class="test-message">&emsp;Clicked on button Click OK button]]>
    </line>
    <line>
      <![CDATA[<div class="test-event"> <font color="maroon"> <small> &emsp; &emsp;--- 16 Jan 12:37:17 145 - Page URL:: http://vm-hland-qa02/pure.portal/secure/payment/collectionallocation.aspx?trandetailkey=3217&redirectto=corporate</small> </font> </div>]]>
    </line>
    <line>
      <![CDATA[<div class="test-event"> <font color="maroon"> <small> &emsp; &emsp;--- 16 Jan 12:37:17 155 - <b>0</b> - Page Load Wait: (Sync) - com.ssp.utils.WaitUtils.waitForPageLoad(WaitUtils.java:325)</small> </font> </div>]]>
    </line>
    <line>
      <![CDATA[<div class="test-event"> <font color="maroon"> <small> &emsp; &emsp;--- 16 Jan 12:37:17 375 - Page URL:: http://vm-hland-qa02/pure.portal/secure/payment/collectionallocation.aspx?trandetailkey=3217&redirectto=corporate</small> </font> </div>]]>
    </line>
    <line>
      <![CDATA[<div class="test-event"> <font color="maroon"> <small> &emsp; &emsp;--- 16 Jan 12:37:17 375 - <b>0</b> - Page Load Wait: (Sync) - com.ssp.utils.WaitUtils.waitForPageLoad(WaitUtils.java:325)</small> </font> </div>]]>
    </line>
    <line>
      <![CDATA[<div class="test-message">&emsp;Successfully navigated to Allocation Page&emsp;</div>]]>
    </line>
    <line>
      <![CDATA[<div class="test-message">&emsp;Value of Allocation_Receipt Reference_fieldLabel: ------->Receipt Reference</div>]]>
    </line>
    <line>
      <![CDATA[<div class="test-message">&emsp;Value of Allocation_Receipt Reference_id: ------->ReceiptRefAllocation</div>]]>
    </line>
    <line>
      <![CDATA[<div class="test-message">&emsp;Value of Allocation_Receipt Reference_pathType: ------->css</div>]]>
    </line>
    <line>
      <![CDATA[<div class="test-message">&emsp;Value of Allocation_Receipt Reference_screenShot: ------->false</div>]]>
    </line>
    <line>
      <![CDATA[<div class="test-message">&emsp;Value of Allocation_Receipt Reference_type: ------->getReceiptRefDynamicHashMap</div>]]>
    </line>
    <line>
      <![CDATA[<div class="test-message">&emsp;Value Displayed for Receipt Reference : ALLOCATION - SRP0000002638]]>
    </line>
    <line>
      <![CDATA[<div class="test-message">&emsp;Value of Allocation_Click OK on Allocation screen_fieldLabel: ------->Click OK on Allocation screen</div>]]>
    </line>
    <line>
      <![CDATA[<div class="test-message">&emsp;Value of Allocation_Click OK on Allocation screen_id: ------->btnOkAllocation</div>]]>
    </line>
    <line>
      <![CDATA[<div class="test-message">&emsp;Value of Allocation_Click OK on Allocation screen_pathType: ------->css</div>]]>
    </line>
    <line>
      <![CDATA[<div class="test-message">&emsp;Value of Allocation_Click OK on Allocation screen_screenShot: ------->false</div>]]>
    </line>
    <line>
      <![CDATA[<div class="test-message">&emsp;Value of Allocation_Click OK on Allocation screen_type: ------->Button</div>]]>
    </line>
    <line>
      <![CDATA[<div class="test-event"> <font color="maroon"> <small> &emsp; &emsp;--- 16 Jan 12:37:17 645 - Element is displayed:: [[RemoteWebDriver: chrome on XP (5c0ab516d69f854bb31cc52efea8e675)] -> css selector: #ctl00_cntMainBody_CollectionAllocation_btnOk]</small> </font> </div>]]>
    </line>
    <line>
      <![CDATA[<div class="test-event"> <font color="maroon"> <small> &emsp; &emsp;--- 16 Jan 12:37:19 702 - <b>2</b> - Spinner Load Wait: (Sync) - com.ssp.utils.WaitUtils.waitForSpinner(WaitUtils.java:133)</small> </font> </div>]]>
    </line>
    <line>
      <![CDATA[<div class="test-event"> <font color="maroon"> <small> &emsp; &emsp;--- 16 Jan 12:37:25 077 - <b>5</b> - Spinner Load Wait: (Sync) - com.ssp.utils.WaitUtils.waitForSpinner(WaitUtils.java:133)</small> </font> </div>]]>
    </line>
    <line>
      <![CDATA[<div class="test-message">&emsp;Clicked on button Click OK on Allocation screen]]>
    </line>
    <line>
      <![CDATA[<div class="test-event"> <font color="maroon"> <small> &emsp; &emsp;--- 16 Jan 12:37:25 912 - Page URL:: http://vm-hland-qa02/pure.portal/secure/agent/corporateclientdetails.aspx?partykey=19&code=ssptest</small> </font> </div>]]>
    </line>
    <line>
      <![CDATA[<div class="test-event"> <font color="maroon"> <small> &emsp; &emsp;--- 16 Jan 12:37:25 912 - <b>0</b> - Page Load Wait: (Sync) - com.ssp.utils.WaitUtils.waitForPageLoad(WaitUtils.java:325)</small> </font> </div>]]>
    </line>
    <line>
      <![CDATA[<div class="test-event"> <font color="maroon"> <small> &emsp; &emsp;--- 16 Jan 12:37:26 606 - Page URL:: http://vm-hland-qa02/pure.portal/secure/agent/corporateclientdetails.aspx?partykey=19&code=ssptest</small> </font> </div>]]>
    </line>
    <line>
      <![CDATA[<div class="test-event"> <font color="maroon"> <small> &emsp; &emsp;--- 16 Jan 12:37:26 606 - <b>0</b> - Page Load Wait: (Sync) - com.ssp.utils.WaitUtils.waitForPageLoad(WaitUtils.java:325)</small> </font> </div>]]>
    </line>
    <line>
      <![CDATA[<div class="test-message">&emsp;Successfully navigated to Corporate client Page&emsp;</div>]]>
    </line>
    <line>
      <![CDATA[<div class="test-message">&emsp;Value of CorporateClient_Finance ribbon menu_fieldLabel: ------->Finance ribbon menu</div>]]>
    </line>
    <line>
      <![CDATA[<div class="test-message">&emsp;Value of CorporateClient_Finance ribbon menu_id: ------->lnkFinance</div>]]>
    </line>
    <line>
      <![CDATA[<div class="test-message">&emsp;Value of CorporateClient_Finance ribbon menu_pathType: ------->css</div>]]>
    </line>
    <line>
      <![CDATA[<div class="test-message">&emsp;Value of CorporateClient_Finance ribbon menu_screenShot: ------->false</div>]]>
    </line>
    <line>
      <![CDATA[<div class="test-message">&emsp;Value of CorporateClient_Finance ribbon menu_type: ------->Button</div>]]>
    </line>
    <line>
      <![CDATA[<div class="test-event"> <font color="maroon"> <small> &emsp; &emsp;--- 16 Jan 12:37:26 825 - Element is displayed:: [[RemoteWebDriver: chrome on XP (5c0ab516d69f854bb31cc52efea8e675)] -> css selector: #ctl00_RibbonMenu_rptCategory_ctl04_RptCategorySpanText]</small> </font> </div>]]>
    </line>
    <line>
      <![CDATA[<div class="test-event"> <font color="maroon"> <small> &emsp; &emsp;--- 16 Jan 12:37:28 875 - <b>2</b> - Spinner Load Wait: (Sync) - com.ssp.utils.WaitUtils.waitForSpinner(WaitUtils.java:133)</small> </font> </div>]]>
    </line>
    <line>
      <![CDATA[<div class="test-event"> <font color="maroon"> <small> &emsp; &emsp;--- 16 Jan 12:37:31 096 - <b>2</b> - Spinner Load Wait: (Sync) - com.ssp.utils.WaitUtils.waitForSpinner(WaitUtils.java:133)</small> </font> </div>]]>
    </line>
    <line>
      <![CDATA[<div class="test-message">&emsp;Clicked on button Finance ribbon menu]]>
    </line>
    <line>
      <![CDATA[<div class="test-message">&emsp;Value of CorporateClient_Click Reconciliation Link_fieldLabel: ------->Click Reconciliation Link</div>]]>
    </line>
    <line>
      <![CDATA[<div class="test-message">&emsp;Value of CorporateClient_Click Reconciliation Link_id: ------->lnkReconciliation</div>]]>
    </line>
    <line>
      <![CDATA[<div class="test-message">&emsp;Value of CorporateClient_Click Reconciliation Link_pathType: ------->css</div>]]>
    </line>
    <line>
      <![CDATA[<div class="test-message">&emsp;Value of CorporateClient_Click Reconciliation Link_screenShot: ------->false</div>]]>
    </line>
    <line>
      <![CDATA[<div class="test-message">&emsp;Value of CorporateClient_Click Reconciliation Link_type: ------->Button</div>]]>
    </line>
    <line>
      <![CDATA[<div class="test-event"> <font color="maroon"> <small> &emsp; &emsp;--- 16 Jan 12:37:31 241 - Element is displayed:: [[RemoteWebDriver: chrome on XP (5c0ab516d69f854bb31cc52efea8e675)] -> css selector: #ctl00_RibbonMenu_rptCategory_ctl04_rptSection_ctl02_rptItem_ctl00_A1]</small> </font> </div>]]>
    </line>
    <line>
      <![CDATA[<div class="test-event"> <font color="maroon"> <small> &emsp; &emsp;--- 16 Jan 12:37:33 295 - <b>2</b> - Spinner Load Wait: (Sync) - com.ssp.utils.WaitUtils.waitForSpinner(WaitUtils.java:133)</small> </font> </div>]]>
    </line>
    <line>
      <![CDATA[<div class="test-event"> <font color="maroon"> <small> &emsp; &emsp;--- 16 Jan 12:37:38 076 - <b>2</b> - Spinner Load Wait: (Sync) - com.ssp.utils.WaitUtils.waitForSpinner(WaitUtils.java:133)</small> </font> </div>]]>
    </line>
    <line>
      <![CDATA[<div class="test-message">&emsp;Clicked on button Click Reconciliation Link]]>
    </line>
    <line>
      <![CDATA[<div class="test-event"> <font color="maroon"> <small> &emsp; &emsp;--- 16 Jan 12:37:38 312 - Page URL:: http://vm-hland-qa02/pure.portal/secure/bankreconciliation.aspx?postback=ribbonmenu</small> </font> </div>]]>
    </line>
    <line>
      <![CDATA[<div class="test-event"> <font color="maroon"> <small> &emsp; &emsp;--- 16 Jan 12:37:38 312 - <b>0</b> - Page Load Wait: (Sync) - com.ssp.utils.WaitUtils.waitForPageLoad(WaitUtils.java:325)</small> </font> </div>]]>
    </line>
    <line>
      <![CDATA[<div class="test-event"> <font color="maroon"> <small> &emsp; &emsp;--- 16 Jan 12:37:38 508 - Page URL:: http://vm-hland-qa02/pure.portal/secure/bankreconciliation.aspx?postback=ribbonmenu</small> </font> </div>]]>
    </line>
    <line>
      <![CDATA[<div class="test-event"> <font color="maroon"> <small> &emsp; &emsp;--- 16 Jan 12:37:38 508 - <b>0</b> - Page Load Wait: (Sync) - com.ssp.utils.WaitUtils.waitForPageLoad(WaitUtils.java:325)</small> </font> </div>]]>
    </line>
    <line>
      <![CDATA[<div class="test-message">&emsp;Successfully navigated to BankReconciliation Page&emsp;</div>]]>
    </line>
    <line>
      <![CDATA[<div class="test-message">&emsp;Value of BankReconciliation_Select Bank_fieldLabel: ------->Select Bank</div>]]>
    </line>
    <line>
      <![CDATA[<div class="test-message">&emsp;Value of BankReconciliation_Select Bank_id: ------->drpBank</div>]]>
    </line>
    <line>
      <![CDATA[<div class="test-message">&emsp;Value of BankReconciliation_Select Bank_pathType: ------->css</div>]]>
    </line>
    <line>
      <![CDATA[<div class="test-message">&emsp;Value of BankReconciliation_Select Bank_screenShot: ------->false</div>]]>
    </line>
    <line>
      <![CDATA[<div class="test-message">&emsp;Value of BankReconciliation_Select Bank_type: ------->select</div>]]>
    </line>
    <line>
      <![CDATA[<div class="test-event"> <font color="maroon"> <small> &emsp; &emsp;--- 16 Jan 12:37:38 678 - Element is displayed:: [[RemoteWebDriver: chrome on XP (5c0ab516d69f854bb31cc52efea8e675)] -> css selector: #ctl00_cntMainBody_CollectionItem_BankAccount]</small> </font> </div>]]>
    </line>
    <line>
      <![CDATA[<div class="test-message">&emsp;selected the dropdown Select Bank option : Client Bank Account]]>
    </line>
    <line>
      <![CDATA[<div class="test-message">&emsp;Value of BankReconciliation_Click Find_fieldLabel: ------->Click Find</div>]]>
    </line>
    <line>
      <![CDATA[<div class="test-message">&emsp;Value of BankReconciliation_Click Find_id: ------->btnFind</div>]]>
    </line>
    <line>
      <![CDATA[<div class="test-message">&emsp;Value of BankReconciliation_Click Find_pathType: ------->css</div>]]>
    </line>
    <line>
      <![CDATA[<div class="test-message">&emsp;Value of BankReconciliation_Click Find_screenShot: ------->false</div>]]>
    </line>
    <line>
      <![CDATA[<div class="test-message">&emsp;Value of BankReconciliation_Click Find_type: ------->Button</div>]]>
    </line>
    <line>
      <![CDATA[<div class="test-event"> <font color="maroon"> <small> &emsp; &emsp;--- 16 Jan 12:37:38 851 - Element is displayed:: [[RemoteWebDriver: chrome on XP (5c0ab516d69f854bb31cc52efea8e675)] -> css selector: #ctl00_cntMainBody_btnFind]</small> </font> </div>]]>
    </line>
    <line>
      <![CDATA[<div class="test-event"> <font color="maroon"> <small> &emsp; &emsp;--- 16 Jan 12:37:40 899 - <b>2</b> - Spinner Load Wait: (Sync) - com.ssp.utils.WaitUtils.waitForSpinner(WaitUtils.java:133)</small> </font> </div>]]>
    </line>
    <line>
      <![CDATA[<div class="test-event"> <font color="maroon"> <small> &emsp; &emsp;--- 16 Jan 12:37:45 593 - <b>2</b> - Spinner Load Wait: (Sync) - com.ssp.utils.WaitUtils.waitForSpinner(WaitUtils.java:133)</small> </font> </div>]]>
    </line>
    <line>
      <![CDATA[<div class="test-message">&emsp;Clicked on button Click Find]]>
    </line>
    <line>
      <![CDATA[<div class="test-message">&emsp;Value of BankReconciliation_Verify all columns available on Bank Reconciliation screen_errorMessage: ------->all columns are not present in list</div>]]>
    </line>
    <line>
      <![CDATA[<div class="test-message">&emsp;Value of BankReconciliation_Verify all columns available on Bank Reconciliation screen_fieldLabel: ------->Verify all columns available on Bank Reconciliation screen</div>]]>
    </line>
    <line>
      <![CDATA[<div class="test-message">&emsp;Value of BankReconciliation_Verify all columns available on Bank Reconciliation screen_id: ------->allColumnsExceptSelectAllCheckboxColumn</div>]]>
    </line>
    <line>
      <![CDATA[<div class="test-message">&emsp;Value of BankReconciliation_Verify all columns available on Bank Reconciliation screen_pathType: ------->css</div>]]>
    </line>
    <line>
      <![CDATA[<div class="test-message">&emsp;Value of BankReconciliation_Verify all columns available on Bank Reconciliation screen_screenShot: ------->true</div>]]>
    </line>
    <line>
      <![CDATA[<div class="test-message">&emsp;Value of BankReconciliation_Verify all columns available on Bank Reconciliation screen_type: ------->assertOrderedListTextEquals</div>]]>
    </line>
    <line>
      <![CDATA[<div class="test-message">&emsp;Value of BankReconciliation_Verify all columns available on Bank Reconciliation screen_validMessage: ------->all columns are present in list</div>]]>
    </line>
    <line>
      <![CDATA[<div class="test-event"> <font color="maroon"> <small> &emsp; &emsp;--- 16 Jan 12:37:45 698 - Element is displayed:: [[RemoteWebDriver: chrome on XP (5c0ab516d69f854bb31cc52efea8e675)] -> css selector: th a]</small> </font> </div>]]>
    </line>
    <line>
      <![CDATA[<div class="test-event"> <font color="maroon"> <small> &emsp; &emsp;--- 16 Jan 12:37:45 823 - Element is displayed:: [[RemoteWebDriver: chrome on XP (5c0ab516d69f854bb31cc52efea8e675)] -> css selector: th a]</small> </font> </div>]]>
    </line>
    <line>
      <![CDATA[<div class="test-event"> <font color="maroon"> <small> &emsp; &emsp;--- 16 Jan 12:37:46 073 - Element is displayed:: [[RemoteWebDriver: chrome on XP (5c0ab516d69f854bb31cc52efea8e675)] -> css selector: th a]</small> </font> </div>]]>
    </line>
    <line>
      <![CDATA[<div class="test-event"> <font color="maroon"> <small> &emsp; &emsp;--- 16 Jan 12:37:46 263 - Element is displayed:: [[RemoteWebDriver: chrome on XP (5c0ab516d69f854bb31cc52efea8e675)] -> css selector: th a]</small> </font> </div>]]>
    </line>
    <line>
      <![CDATA[<div class="test-event"> <font color="maroon"> <small> &emsp; &emsp;--- 16 Jan 12:37:46 423 - Element is displayed:: [[RemoteWebDriver: chrome on XP (5c0ab516d69f854bb31cc52efea8e675)] -> css selector: th a]</small> </font> </div>]]>
    </line>
    <line>
      <![CDATA[<div class="test-event"> <font color="maroon"> <small> &emsp; &emsp;--- 16 Jan 12:37:46 603 - Element is displayed:: [[RemoteWebDriver: chrome on XP (5c0ab516d69f854bb31cc52efea8e675)] -> css selector: th a]</small> </font> </div>]]>
    </line>
    <line>
      <![CDATA[<div class="test-event"> <font color="maroon"> <small> &emsp; &emsp;--- 16 Jan 12:37:46 800 - Element is displayed:: [[RemoteWebDriver: chrome on XP (5c0ab516d69f854bb31cc52efea8e675)] -> css selector: th a]</small> </font> </div>]]>
    </line>
    <line>
      <![CDATA[<div class="test-event"> <font color="maroon"> <small> &emsp; &emsp;--- 16 Jan 12:37:47 065 - Element is displayed:: [[RemoteWebDriver: chrome on XP (5c0ab516d69f854bb31cc52efea8e675)] -> css selector: th a]</small> </font> </div>]]>
    </line>
    <line>
      <![CDATA[<div class="test-event"> <font color="maroon"> <small> &emsp; &emsp;--- 16 Jan 12:37:47 265 - Element is displayed:: [[RemoteWebDriver: chrome on XP (5c0ab516d69f854bb31cc52efea8e675)] -> css selector: th a]</small> </font> </div>]]>
    </line>
    <line>
      <![CDATA[<div class="test-message">&emsp;all columns are present in list&emsp;<a href=".\ScreenShot\TC_3044_7731_MMVP-Login_9.png" target="_blank" >[ScreenShot]</a></div>]]>
    </line>
    <line>
      <![CDATA[<div class="test-message">&emsp;<--------------------- Iteration 0 is ended -----------------------></div>]]>
    </line>
    <line>
      <![CDATA[<div class="test-result"><br><font color="green"><strong> Test Passed. </strong></font> </div>&emsp;]]>
    </line>
    <line>
      <![CDATA[&emsp;<div class="test-title"> <strong><font size = "3" color = "#000080">TC_3044_7732 [MMVP-Login]</font> </strong> </div>&emsp;<div><strong>Steps:</strong></div><!-- Report -->&emsp;]]>
    </line>
    <line>
      <![CDATA[&emsp;<div class="test-title"> <strong><font size = "3" color = "#000080">To Validate the buttons available on bank reconciliation screen<small><b><i>[chrome_windows]</b></i></small></font> </strong> </div>&emsp;<div><strong>Steps:</strong></div>&emsp;]]>
    </line>
    <line>
      <![CDATA[<div class="test-message">&emsp;<--------------------- Iteration 0 is started -----------------------></div>]]>
    </line>
    <line>
      <![CDATA[<div class="test-event"> <font color="maroon"> <small> &emsp; &emsp;--- 16 Jan 12:37:49 830 - Page URL:: http://vm-hland-qa02/pure.portal/secure/bankreconciliation.aspx?postback=ribbonmenu</small> </font> </div>]]>
    </line>
    <line>
      <![CDATA[<div class="test-event"> <font color="maroon"> <small> &emsp; &emsp;--- 16 Jan 12:37:49 830 - <b>0</b> - Page Load Wait: (Sync) - com.ssp.utils.WaitUtils.waitForPageLoad(WaitUtils.java:325)</small> </font> </div>]]>
    </line>
    <line>
      <![CDATA[<div class="test-event"> <font color="maroon"> <small> &emsp; &emsp;--- 16 Jan 12:37:49 917 - Page URL:: http://vm-hland-qa02/pure.portal/secure/bankreconciliation.aspx?postback=ribbonmenu</small> </font> </div>]]>
    </line>
    <line>
      <![CDATA[<div class="test-event"> <font color="maroon"> <small> &emsp; &emsp;--- 16 Jan 12:37:49 917 - <b>0</b> - Page Load Wait: (Sync) - com.ssp.utils.WaitUtils.waitForPageLoad(WaitUtils.java:325)</small> </font> </div>]]>
    </line>
    <line>
      <![CDATA[<div class="test-message">&emsp;Successfully navigated to BankReconciliation Page&emsp;</div>]]>
    </line>
    <line>
      <![CDATA[<div class="test-message">&emsp;Value of BankReconciliation_Verify all buttons available on Bank Reconciliation screen_errorMessage: ------->all buttons are not present in list</div>]]>
    </line>
    <line>
      <![CDATA[<div class="test-message">&emsp;Value of BankReconciliation_Verify all buttons available on Bank Reconciliation screen_fieldLabel: ------->Verify all buttons available on Bank Reconciliation screen</div>]]>
    </line>
    <line>
      <![CDATA[<div class="test-message">&emsp;Value of BankReconciliation_Verify all buttons available on Bank Reconciliation screen_id: ------->btnAll</div>]]>
    </line>
    <line>
      <![CDATA[<div class="test-message">&emsp;Value of BankReconciliation_Verify all buttons available on Bank Reconciliation screen_pathType: ------->css</div>]]>
    </line>
    <line>
      <![CDATA[<div class="test-message">&emsp;Value of BankReconciliation_Verify all buttons available on Bank Reconciliation screen_screenShot: ------->true</div>]]>
    </line>
    <line>
      <![CDATA[<div class="test-message">&emsp;Value of BankReconciliation_Verify all buttons available on Bank Reconciliation screen_type: ------->assertOrderedListTextEquals</div>]]>
    </line>
    <line>
      <![CDATA[<div class="test-message">&emsp;Value of BankReconciliation_Verify all buttons available on Bank Reconciliation screen_validMessage: ------->all buttons are present in list</div>]]>
    </line>
    <line>
      <![CDATA[<div class="test-event"> <font color="maroon"> <small> &emsp; &emsp;--- 16 Jan 12:37:50 020 - Element is displayed:: [[RemoteWebDriver: chrome on XP (5c0ab516d69f854bb31cc52efea8e675)] -> css selector: a[id*='ctl00_cntMainBody_btn']]</small> </font> </div>]]>
    </line>
    <line>
      <![CDATA[<div class="test-event"> <font color="maroon"> <small> &emsp; &emsp;--- 16 Jan 12:37:50 121 - Element is displayed:: [[RemoteWebDriver: chrome on XP (5c0ab516d69f854bb31cc52efea8e675)] -> css selector: a[id*='ctl00_cntMainBody_btn']]</small> </font> </div>]]>
    </line>
    <line>
[...]
            </line>
            <line>
              <![CDATA[<div class="test-message">&emsp;Clicked on button Finance ribbon menu]]>
            </line>
            <line>
              <![CDATA[<div class="test-message">&emsp;Value of CorporateClient_Click Reconciliation Link_fieldLabel: ------->Click Reconciliation Link</div>]]>
            </line>
            <line>
              <![CDATA[<div class="test-message">&emsp;Value of CorporateClient_Click Reconciliation Link_id: ------->lnkReconciliation</div>]]>
            </line>
            <line>
              <![CDATA[<div class="test-message">&emsp;Value of CorporateClient_Click Reconciliation Link_pathType: ------->css</div>]]>
            </line>
            <line>
              <![CDATA[<div class="test-message">&emsp;Value of CorporateClient_Click Reconciliation Link_screenShot: ------->false</div>]]>
            </line>
            <line>
              <![CDATA[<div class="test-message">&emsp;Value of CorporateClient_Click Reconciliation Link_type: ------->Button</div>]]>
            </line>
            <line>
              <![CDATA[<div class="test-event"> <font color="maroon"> <small> &emsp; &emsp;--- 16 Jan 12:37:31 241 - Element is displayed:: [[RemoteWebDriver: chrome on XP (5c0ab516d69f854bb31cc52efea8e675)] -> css selector: #ctl00_RibbonMenu_rptCategory_ctl04_rptSection_ctl02_rptItem_ctl00_A1]</small> </font> </div>]]>
            </line>
            <line>
              <![CDATA[<div class="test-event"> <font color="maroon"> <small> &emsp; &emsp;--- 16 Jan 12:37:33 295 - <b>2</b> - Spinner Load Wait: (Sync) - com.ssp.utils.WaitUtils.waitForSpinner(WaitUtils.java:133)</small> </font> </div>]]>
            </line>
            <line>
              <![CDATA[<div class="test-event"> <font color="maroon"> <small> &emsp; &emsp;--- 16 Jan 12:37:38 076 - <b>2</b> - Spinner Load Wait: (Sync) - com.ssp.utils.WaitUtils.waitForSpinner(WaitUtils.java:133)</small> </font> </div>]]>
            </line>
            <line>
              <![CDATA[<div class="test-message">&emsp;Clicked on button Click Reconciliation Link]]>
            </line>
            <line>
              <![CDATA[<div class="test-event"> <font color="maroon"> <small> &emsp; &emsp;--- 16 Jan 12:37:38 312 - Page URL:: http://vm-hland-qa02/pure.portal/secure/bankreconciliation.aspx?postback=ribbonmenu</small> </font> </div>]]>
            </line>
            <line>
              <![CDATA[<div class="test-event"> <font color="maroon"> <small> &emsp; &emsp;--- 16 Jan 12:37:38 312 - <b>0</b> - Page Load Wait: (Sync) - com.ssp.utils.WaitUtils.waitForPageLoad(WaitUtils.java:325)</small> </font> </div>]]>
            </line>
            <line>
              <![CDATA[<div class="test-event"> <font color="maroon"> <small> &emsp; &emsp;--- 16 Jan 12:37:38 508 - Page URL:: http://vm-hland-qa02/pure.portal/secure/bankreconciliation.aspx?postback=ribbonmenu</small> </font> </div>]]>
            </line>
            <line>
              <![CDATA[<div class="test-event"> <font color="maroon"> <small> &emsp; &emsp;--- 16 Jan 12:37:38 508 - <b>0</b> - Page Load Wait: (Sync) - com.ssp.utils.WaitUtils.waitForPageLoad(WaitUtils.java:325)</small> </font> </div>]]>
            </line>
            <line>
              <![CDATA[<div class="test-message">&emsp;Successfully navigated to BankReconciliation Page&emsp;</div>]]>
            </line>
            <line>
              <![CDATA[<div class="test-message">&emsp;Value of BankReconciliation_Select Bank_fieldLabel: ------->Select Bank</div>]]>
            </line>
            <line>
              <![CDATA[<div class="test-message">&emsp;Value of BankReconciliation_Select Bank_id: ------->drpBank</div>]]>
            </line>
            <line>
              <![CDATA[<div class="test-message">&emsp;Value of BankReconciliation_Select Bank_pathType: ------->css</div>]]>
            </line>
            <line>
              <![CDATA[<div class="test-message">&emsp;Value of BankReconciliation_Select Bank_screenShot: ------->false</div>]]>
            </line>
            <line>
              <![CDATA[<div class="test-message">&emsp;Value of BankReconciliation_Select Bank_type: ------->select</div>]]>
            </line>
            <line>
              <![CDATA[<div class="test-event"> <font color="maroon"> <small> &emsp; &emsp;--- 16 Jan 12:37:38 678 - Element is displayed:: [[RemoteWebDriver: chrome on XP (5c0ab516d69f854bb31cc52efea8e675)] -> css selector: #ctl00_cntMainBody_CollectionItem_BankAccount]</small> </font> </div>]]>
            </line>
            <line>
              <![CDATA[<div class="test-message">&emsp;selected the dropdown Select Bank option : Client Bank Account]]>
            </line>
            <line>
              <![CDATA[<div class="test-message">&emsp;Value of BankReconciliation_Click Find_fieldLabel: ------->Click Find</div>]]>
            </line>
            <line>
              <![CDATA[<div class="test-message">&emsp;Value of BankReconciliation_Click Find_id: ------->btnFind</div>]]>
            </line>
            <line>
              <![CDATA[<div class="test-message">&emsp;Value of BankReconciliation_Click Find_pathType: ------->css</div>]]>
            </line>
            <line>
              <![CDATA[<div class="test-message">&emsp;Value of BankReconciliation_Click Find_screenShot: ------->false</div>]]>
            </line>
            <line>
              <![CDATA[<div class="test-message">&emsp;Value of BankReconciliation_Click Find_type: ------->Button</div>]]>
            </line>
            <line>
              <![CDATA[<div class="test-event"> <font color="maroon"> <small> &emsp; &emsp;--- 16 Jan 12:37:38 851 - Element is displayed:: [[RemoteWebDriver: chrome on XP (5c0ab516d69f854bb31cc52efea8e675)] -> css selector: #ctl00_cntMainBody_btnFind]</small> </font> </div>]]>
            </line>
            <line>
              <![CDATA[<div class="test-event"> <font color="maroon"> <small> &emsp; &emsp;--- 16 Jan 12:37:40 899 - <b>2</b> - Spinner Load Wait: (Sync) - com.ssp.utils.WaitUtils.waitForSpinner(WaitUtils.java:133)</small> </font> </div>]]>
            </line>
            <line>
              <![CDATA[<div class="test-event"> <font color="maroon"> <small> &emsp; &emsp;--- 16 Jan 12:37:45 593 - <b>2</b> - Spinner Load Wait: (Sync) - com.ssp.utils.WaitUtils.waitForSpinner(WaitUtils.java:133)</small> </font> </div>]]>
            </line>
            <line>
              <![CDATA[<div class="test-message">&emsp;Clicked on button Click Find]]>
            </line>
            <line>
              <![CDATA[<div class="test-message">&emsp;Value of BankReconciliation_Verify all columns available on Bank Reconciliation screen_errorMessage: ------->all columns are not present in list</div>]]>
            </line>
            <line>
              <![CDATA[<div class="test-message">&emsp;Value of BankReconciliation_Verify all columns available on Bank Reconciliation screen_fieldLabel: ------->Verify all columns available on Bank Reconciliation screen</div>]]>
            </line>
            <line>
              <![CDATA[<div class="test-message">&emsp;Value of BankReconciliation_Verify all columns available on Bank Reconciliation screen_id: ------->allColumnsExceptSelectAllCheckboxColumn</div>]]>
            </line>
            <line>
              <![CDATA[<div class="test-message">&emsp;Value of BankReconciliation_Verify all columns available on Bank Reconciliation screen_pathType: ------->css</div>]]>
            </line>
            <line>
              <![CDATA[<div class="test-message">&emsp;Value of BankReconciliation_Verify all columns available on Bank Reconciliation screen_screenShot: ------->true</div>]]>
            </line>
            <line>
              <![CDATA[<div class="test-message">&emsp;Value of BankReconciliation_Verify all columns available on Bank Reconciliation screen_type: ------->assertOrderedListTextEquals</div>]]>
            </line>
            <line>
              <![CDATA[<div class="test-message">&emsp;Value of BankReconciliation_Verify all columns available on Bank Reconciliation screen_validMessage: ------->all columns are present in list</div>]]>
            </line>
            <line>
              <![CDATA[<div class="test-event"> <font color="maroon"> <small> &emsp; &emsp;--- 16 Jan 12:37:45 698 - Element is displayed:: [[RemoteWebDriver: chrome on XP (5c0ab516d69f854bb31cc52efea8e675)] -> css selector: th a]</small> </font> </div>]]>
            </line>
            <line>
              <![CDATA[<div class="test-event"> <font color="maroon"> <small> &emsp; &emsp;--- 16 Jan 12:37:45 823 - Element is displayed:: [[RemoteWebDriver: chrome on XP (5c0ab516d69f854bb31cc52efea8e675)] -> css selector: th a]</small> </font> </div>]]>
            </line>
            <line>
              <![CDATA[<div class="test-event"> <font color="maroon"> <small> &emsp; &emsp;--- 16 Jan 12:37:46 073 - Element is displayed:: [[RemoteWebDriver: chrome on XP (5c0ab516d69f854bb31cc52efea8e675)] -> css selector: th a]</small> </font> </div>]]>
            </line>
            <line>
              <![CDATA[<div class="test-event"> <font color="maroon"> <small> &emsp; &emsp;--- 16 Jan 12:37:46 263 - Element is displayed:: [[RemoteWebDriver: chrome on XP (5c0ab516d69f854bb31cc52efea8e675)] -> css selector: th a]</small> </font> </div>]]>
            </line>
            <line>
              <![CDATA[<div class="test-event"> <font color="maroon"> <small> &emsp; &emsp;--- 16 Jan 12:37:46 423 - Element is displayed:: [[RemoteWebDriver: chrome on XP (5c0ab516d69f854bb31cc52efea8e675)] -> css selector: th a]</small> </font> </div>]]>
            </line>
            <line>
              <![CDATA[<div class="test-event"> <font color="maroon"> <small> &emsp; &emsp;--- 16 Jan 12:37:46 603 - Element is displayed:: [[RemoteWebDriver: chrome on XP (5c0ab516d69f854bb31cc52efea8e675)] -> css selector: th a]</small> </font> </div>]]>
            </line>
            <line>
              <![CDATA[<div class="test-event"> <font color="maroon"> <small> &emsp; &emsp;--- 16 Jan 12:37:46 800 - Element is displayed:: [[RemoteWebDriver: chrome on XP (5c0ab516d69f854bb31cc52efea8e675)] -> css selector: th a]</small> </font> </div>]]>
            </line>
            <line>
              <![CDATA[<div class="test-event"> <font color="maroon"> <small> &emsp; &emsp;--- 16 Jan 12:37:47 065 - Element is displayed:: [[RemoteWebDriver: chrome on XP (5c0ab516d69f854bb31cc52efea8e675)] -> css selector: th a]</small> </font> </div>]]>
            </line>
            <line>
              <![CDATA[<div class="test-event"> <font color="maroon"> <small> &emsp; &emsp;--- 16 Jan 12:37:47 265 - Element is displayed:: [[RemoteWebDriver: chrome on XP (5c0ab516d69f854bb31cc52efea8e675)] -> css selector: th a]</small> </font> </div>]]>
            </line>
            <line>
              <![CDATA[<div class="test-message">&emsp;all columns are present in list&emsp;<a href=".\ScreenShot\TC_3044_7731_MMVP-Login_9.png" target="_blank" >[ScreenShot]</a></div>]]>
            </line>
            <line>
              <![CDATA[<div class="test-message">&emsp;<--------------------- Iteration 0 is ended -----------------------></div>]]>
            </line>
            <line>
              <![CDATA[<div class="test-result"><br><font color="green"><strong> Test Passed. </strong></font> </div>&emsp;]]>
            </line>
          </reporter-output>
        </test-method> <!-- TC_3044_7731 -->
        <test-method name="TC_3044_7732" signature="TC_3044_7732(java.lang.String)[pri:0, instance:com.ssp.regression.insurer.testscripts.US_3044@50b494a6]" status="PASS" duration-ms="3180" finished-at="2019-01-16T12:37:52Z" started-at="2019-01-16T12:37:49Z" depends-on-methods="com.ssp.regression.insurer.testscripts.US_3044.TC_3044_7731" data-provider="ssBVTDataProvider" description="To Validate the buttons available on bank reconciliation screen">
          <params>
            <param index="0">
              <value>
                <![CDATA[chrome_windows]]>
              </value>
            </param>
          </params>
          <reporter-output>
            <line>
              <![CDATA[&emsp;<div class="test-title"> <strong><font size = "3" color = "#000080">TC_3044_7732 [MMVP-Login]</font> </strong> </div>&emsp;<div><strong>Steps:</strong></div><!-- Report -->&emsp;]]>
            </line>
            <line>
              <![CDATA[&emsp;<div class="test-title"> <strong><font size = "3" color = "#000080">To Validate the buttons available on bank reconciliation screen<small><b><i>[chrome_windows]</b></i></small></font> </strong> </div>&emsp;<div><strong>Steps:</strong></div>&emsp;]]>
            </line>
            <line>
              <![CDATA[<div class="test-message">&emsp;<--------------------- Iteration 0 is started -----------------------></div>]]>
            </line>
            <line>
              <![CDATA[<div class="test-event"> <font color="maroon"> <small> &emsp; &emsp;--- 16 Jan 12:37:49 830 - Page URL:: http://vm-hland-qa02/pure.portal/secure/bankreconciliation.aspx?postback=ribbonmenu</small> </font> </div>]]>
            </line>
            <line>
              <![CDATA[<div class="test-event"> <font color="maroon"> <small> &emsp; &emsp;--- 16 Jan 12:37:49 830 - <b>0</b> - Page Load Wait: (Sync) - com.ssp.utils.WaitUtils.waitForPageLoad(WaitUtils.java:325)</small> </font> </div>]]>
            </line>
            <line>
              <![CDATA[<div class="test-event"> <font color="maroon"> <small> &emsp; &emsp;--- 16 Jan 12:37:49 917 - Page URL:: http://vm-hland-qa02/pure.portal/secure/bankreconciliation.aspx?postback=ribbonmenu</small> </font> </div>]]>
            </line>
            <line>
              <![CDATA[<div class="test-event"> <font color="maroon"> <small> &emsp; &emsp;--- 16 Jan 12:37:49 917 - <b>0</b> - Page Load Wait: (Sync) - com.ssp.utils.WaitUtils.waitForPageLoad(WaitUtils.java:325)</small> </font> </div>]]>
            </line>
            <line>
              <![CDATA[<div class="test-message">&emsp;Successfully navigated to BankReconciliation Page&emsp;</div>]]>
            </line>
            <line>
              <![CDATA[<div class="test-message">&emsp;Value of BankReconciliation_Verify all buttons available on Bank Reconciliation screen_errorMessage: ------->all buttons are not present in list</div>]]>
            </line>
            <line>
              <![CDATA[<div class="test-message">&emsp;Value of BankReconciliation_Verify all buttons available on Bank Reconciliation screen_fieldLabel: ------->Verify all buttons available on Bank Reconciliation screen</div>]]>
            </line>
            <line>
              <![CDATA[<div class="test-message">&emsp;Value of BankReconciliation_Verify all buttons available on Bank Reconciliation screen_id: ------->btnAll</div>]]>
            </line>
            <line>
              <![CDATA[<div class="test-message">&emsp;Value of BankReconciliation_Verify all buttons available on Bank Reconciliation screen_pathType: ------->css</div>]]>
            </line>
            <line>
              <![CDATA[<div class="test-message">&emsp;Value of BankReconciliation_Verify all buttons available on Bank Reconciliation screen_screenShot: ------->true</div>]]>
            </line>
            <line>
              <![CDATA[<div class="test-message">&emsp;Value of BankReconciliation_Verify all buttons available on Bank Reconciliation screen_type: ------->assertOrderedListTextEquals</div>]]>
            </line>
            <line>
              <![CDATA[<div class="test-message">&emsp;Value of BankReconciliation_Verify all buttons available on Bank Reconciliation screen_validMessage: ------->all buttons are present in list</div>]]>
            </line>
            <line>
              <![CDATA[<div class="test-event"> <font color="maroon"> <small> &emsp; &emsp;--- 16 Jan 12:37:50 020 - Element is displayed:: [[RemoteWebDriver: chrome on XP (5c0ab516d69f854bb31cc52efea8e675)] -> css selector: a[id*='ctl00_cntMainBody_btn']]</small> </font> </div>]]>
            </line>
            <line>
              <![CDATA[<div class="test-event"> <font color="maroon"> <small> &emsp; &emsp;--- 16 Jan 12:37:50 121 - Element is displayed:: [[RemoteWebDriver: chrome on XP (5c0ab516d69f854bb31cc52efea8e675)] -> css selector: a[id*='ctl00_cntMainBody_btn']]</small> </font> </div>]]>
            </line>
            <line>
              <![CDATA[<div class="test-event"> <font color="maroon"> <small> &emsp; &emsp;--- 16 Jan 12:37:50 221 - Element is displayed:: [[RemoteWebDriver: chrome on XP (5c0ab516d69f854bb31cc52efea8e675)] -> css selector: a[id*='ctl00_cntMainBody_btn']]</small> </font> </div>]]>
            </line>
            <line>
              <![CDATA[<div class="test-event"> <font color="maroon"> <small> &emsp; &emsp;--- 16 Jan 12:37:50 319 - Element is displayed:: [[RemoteWebDriver: chrome on XP (5c0ab516d69f854bb31cc52efea8e675)] -> css selector: a[id*='ctl00_cntMainBody_btn']]</small> </font> </div>]]>
            </line>
            <line>
              <![CDATA[<div class="test-event"> <font color="maroon"> <small> &emsp; &emsp;--- 16 Jan 12:37:50 489 - Element is displayed:: [[RemoteWebDriver: chrome on XP (5c0ab516d69f854bb31cc52efea8e675)] -> css selector: a[id*='ctl00_cntMainBody_btn']]</small> </font> </div>]]>
            </line>
            <line>
              <![CDATA[<div class="test-message">&emsp;all buttons are present in list&emsp;<a href=".\ScreenShot\TC_3044_7732_MMVP-Login_11.png" target="_blank" >[ScreenShot]</a></div>]]>
            </line>
            <line>
              <![CDATA[<div class="test-message">&emsp;<--------------------- Iteration 0 is ended -----------------------></div>]]>
            </line>
            <line>
              <![CDATA[<div class="test-result"><br><font color="green"><strong> Test Passed. </strong></font> </div>&emsp;]]>
            </line>
          </reporter-output>
        </test-method> <!-- TC_3044_7732 -->
        <test-method status="PASS" signature="init(org.testng.ITestContext)[pri:0, instance:com.ssp.regression.insurer.testscripts.US_3044@50b494a6]" name="init" is-config="true" duration-ms="0" started-at="2019-01-16T12:37:49Z" finished-at="2019-01-16T12:37:49Z">
          <params>
            <param index="0">
              <value>
                <![CDATA[org.testng.TestRunner@11bd0f3b]]>
              </value>
            </param>
          </params>
          <reporter-output>
          </reporter-output>
        </test-method> <!-- init -->
        <test-method status="PASS" signature="closeBrowser()[pri:0, instance:com.ssp.regression.insurer.testscripts.US_3044@50b494a6]" name="closeBrowser" is-config="true" duration-ms="1" started-at="2019-01-16T12:37:52Z" finished-at="2019-01-16T12:37:52Z">
          <reporter-output>
          </reporter-output>
        </test-method> <!-- closeBrowser -->
        <test-method status="PASS" signature="afterSuite()[pri:0, instance:com.ssp.regression.insurer.testscripts.US_3044@50b494a6]" name="afterSuite" is-config="true" duration-ms="2387" started-at="2019-01-16T12:37:52Z" finished-at="2019-01-16T12:37:55Z">
          <reporter-output>
          </reporter-output>
        </test-method> <!-- afterSuite -->
      </class> <!-- com.ssp.regression.insurer.testscripts.US_3044 -->
    </test> <!-- MMVP-Login -->
  </suite> <!-- SIAAS_Regression -->
</testng-results>
